2019-07-24 08:57:01.872  INFO 10688 --- [restartedMain] com.cg.fmssprint5.FmsSprint5Application  : Starting FmsSprint5Application on DIN13002100 with PID 10688 (D:\Users\trainee\Desktop\fms-sprint5\target\classes started by trainee in D:\Users\trainee\Desktop\fms-sprint5)
2019-07-24 08:57:01.922  INFO 10688 --- [restartedMain] com.cg.fmssprint5.FmsSprint5Application  : No active profile set, falling back to default profiles: default
2019-07-24 08:57:02.469  INFO 10688 --- [restartedMain] .e.DevToolsPropertyDefaultsPostProcessor : Devtools property defaults active! Set 'spring.devtools.add-properties' to 'false' to disable
2019-07-24 08:57:02.470  INFO 10688 --- [restartedMain] .e.DevToolsPropertyDefaultsPostProcessor : For additional web related logging consider setting the 'logging.level.web' property to 'DEBUG'
2019-07-24 08:57:05.789  INFO 10688 --- [restartedMain] .s.d.r.c.RepositoryConfigurationDelegate : Bootstrapping Spring Data repositories in DEFAULT mode.
2019-07-24 08:57:05.814  INFO 10688 --- [restartedMain] .s.d.r.c.RepositoryConfigurationDelegate : Finished Spring Data repository scanning in 15ms. Found 0 repository interfaces.
2019-07-24 08:57:06.342  INFO 10688 --- [restartedMain] trationDelegate$BeanPostProcessorChecker : Bean 'org.springframework.transaction.annotation.ProxyTransactionManagementConfiguration' of type [org.springframework.transaction.annotation.ProxyTransactionManagementConfiguration$$EnhancerBySpringCGLIB$$17310046] is not eligible for getting processed by all BeanPostProcessors (for example: not eligible for auto-proxying)
2019-07-24 08:57:07.250  INFO 10688 --- [restartedMain] o.s.b.w.embedded.tomcat.TomcatWebServer  : Tomcat initialized with port(s): 8044 (http)
2019-07-24 08:57:07.455  INFO 10688 --- [restartedMain] o.apache.catalina.core.StandardService   : Starting service [Tomcat]
2019-07-24 08:57:07.455  INFO 10688 --- [restartedMain] org.apache.catalina.core.StandardEngine  : Starting Servlet engine: [Apache Tomcat/9.0.21]
2019-07-24 08:57:08.008  INFO 10688 --- [restartedMain] o.a.c.c.C.[Tomcat].[localhost].[/]       : Initializing Spring embedded WebApplicationContext
2019-07-24 08:57:08.008  INFO 10688 --- [restartedMain] o.s.web.context.ContextLoader            : Root WebApplicationContext: initialization completed in 5538 ms
2019-07-24 08:57:09.887  INFO 10688 --- [restartedMain] com.zaxxer.hikari.HikariDataSource       : HikariPool-1 - Starting...
2019-07-24 08:57:20.351  INFO 10688 --- [restartedMain] com.zaxxer.hikari.pool.PoolBase          : HikariPool-1 - Driver does not support get/set network timeout for connections. (oracle.jdbc.driver.T4CConnection.getNetworkTimeout()I)
2019-07-24 08:57:20.372  INFO 10688 --- [restartedMain] com.zaxxer.hikari.HikariDataSource       : HikariPool-1 - Start completed.
2019-07-24 08:57:21.000  INFO 10688 --- [restartedMain] o.hibernate.jpa.internal.util.LogHelper  : HHH000204: Processing PersistenceUnitInfo [
	name: default
	...]
2019-07-24 08:57:21.933  INFO 10688 --- [restartedMain] org.hibernate.Version                    : HHH000412: Hibernate Core {5.3.10.Final}
2019-07-24 08:57:21.964  INFO 10688 --- [restartedMain] org.hibernate.cfg.Environment            : HHH000206: hibernate.properties not found
2019-07-24 08:57:25.594  INFO 10688 --- [restartedMain] o.hibernate.annotations.common.Version   : HCANN000001: Hibernate Commons Annotations {5.0.4.Final}
2019-07-24 08:57:27.361  INFO 10688 --- [restartedMain] org.hibernate.dialect.Dialect            : HHH000400: Using dialect: org.hibernate.dialect.Oracle12cDialect
2019-07-24 08:57:28.580  INFO 10688 --- [restartedMain] org.hibernate.type.BasicTypeRegistry     : HHH000270: Type registration [byte[]] overrides previous : org.hibernate.type.BinaryType@26235727
2019-07-24 08:57:28.581  INFO 10688 --- [restartedMain] org.hibernate.type.BasicTypeRegistry     : HHH000270: Type registration [[B] overrides previous : org.hibernate.type.BinaryType@26235727
2019-07-24 08:57:28.583  INFO 10688 --- [restartedMain] org.hibernate.type.BasicTypeRegistry     : HHH000270: Type registration [Byte[]] overrides previous : org.hibernate.type.WrapperBinaryType@6cc74f9c
2019-07-24 08:57:28.584  INFO 10688 --- [restartedMain] org.hibernate.type.BasicTypeRegistry     : HHH000270: Type registration [[Ljava.lang.Byte;] overrides previous : org.hibernate.type.WrapperBinaryType@6cc74f9c
2019-07-24 08:57:39.734  INFO 10688 --- [restartedMain] o.h.h.i.QueryTranslatorFactoryInitiator  : HHH000397: Using ASTQueryTranslatorFactory
2019-07-24 08:57:41.540  INFO 10688 --- [restartedMain] j.LocalContainerEntityManagerFactoryBean : Initialized JPA EntityManagerFactory for persistence unit 'default'
2019-07-24 08:57:43.353  INFO 10688 --- [restartedMain] o.s.s.concurrent.ThreadPoolTaskExecutor  : Initializing ExecutorService 'applicationTaskExecutor'
2019-07-24 08:57:43.679  WARN 10688 --- [restartedMain] aWebConfiguration$JpaWebMvcConfiguration : spring.jpa.open-in-view is enabled by default. Therefore, database queries may be performed during view rendering. Explicitly configure spring.jpa.open-in-view to disable this warning
2019-07-24 08:57:45.249  INFO 10688 --- [restartedMain] o.s.b.d.a.OptionalLiveReloadServer       : LiveReload server is running on port 35729
2019-07-24 08:57:46.029  INFO 10688 --- [restartedMain] o.s.b.w.embedded.tomcat.TomcatWebServer  : Tomcat started on port(s): 8044 (http) with context path ''
2019-07-24 08:57:46.032  INFO 10688 --- [restartedMain] com.cg.fmssprint5.FmsSprint5Application  : Started FmsSprint5Application in 44.847 seconds (JVM running for 46.324)
2019-07-24 08:58:24.108  INFO 10688 --- [http-nio-8044-exec-2] o.a.c.c.C.[Tomcat].[localhost].[/]       : Initializing Spring DispatcherServlet 'dispatcherServlet'
2019-07-24 08:58:24.108  INFO 10688 --- [http-nio-8044-exec-2] o.s.web.servlet.DispatcherServlet        : Initializing Servlet 'dispatcherServlet'
2019-07-24 08:58:24.317  INFO 10688 --- [http-nio-8044-exec-2] o.s.web.servlet.DispatcherServlet        : Completed initialization in 209 ms
2019-07-24 09:03:58.988  INFO 10688 --- [RMI TCP Connection(2)-127.0.0.1] inMXBeanRegistrar$SpringApplicationAdmin : Application shutdown requested.
2019-07-24 09:03:59.020  INFO 10688 --- [RMI TCP Connection(2)-127.0.0.1] o.s.s.concurrent.ThreadPoolTaskExecutor  : Shutting down ExecutorService 'applicationTaskExecutor'
2019-07-24 09:03:59.023  INFO 10688 --- [RMI TCP Connection(2)-127.0.0.1] j.LocalContainerEntityManagerFactoryBean : Closing JPA EntityManagerFactory for persistence unit 'default'
2019-07-24 09:03:59.110  INFO 10688 --- [RMI TCP Connection(2)-127.0.0.1] com.zaxxer.hikari.HikariDataSource       : HikariPool-1 - Shutdown initiated...
2019-07-24 09:03:59.255  INFO 10688 --- [RMI TCP Connection(2)-127.0.0.1] com.zaxxer.hikari.HikariDataSource       : HikariPool-1 - Shutdown completed.
2019-07-24 14:02:10.186  INFO 10072 --- [restartedMain] com.cg.fmssprint5.FmsSprint5Application  : Starting FmsSprint5Application on DIN13002100 with PID 10072 (D:\Users\trainee\Desktop\fms-sprint5\target\classes started by trainee in D:\Users\trainee\Desktop\fms-sprint5)
2019-07-24 14:02:10.189  INFO 10072 --- [restartedMain] com.cg.fmssprint5.FmsSprint5Application  : No active profile set, falling back to default profiles: default
2019-07-24 14:02:10.232  INFO 10072 --- [restartedMain] .e.DevToolsPropertyDefaultsPostProcessor : Devtools property defaults active! Set 'spring.devtools.add-properties' to 'false' to disable
2019-07-24 14:02:10.232  INFO 10072 --- [restartedMain] .e.DevToolsPropertyDefaultsPostProcessor : For additional web related logging consider setting the 'logging.level.web' property to 'DEBUG'
2019-07-24 14:02:11.054  INFO 10072 --- [restartedMain] .s.d.r.c.RepositoryConfigurationDelegate : Bootstrapping Spring Data repositories in DEFAULT mode.
2019-07-24 14:02:11.074  INFO 10072 --- [restartedMain] .s.d.r.c.RepositoryConfigurationDelegate : Finished Spring Data repository scanning in 14ms. Found 0 repository interfaces.
2019-07-24 14:02:11.346  INFO 10072 --- [restartedMain] trationDelegate$BeanPostProcessorChecker : Bean 'org.springframework.transaction.annotation.ProxyTransactionManagementConfiguration' of type [org.springframework.transaction.annotation.ProxyTransactionManagementConfiguration$$EnhancerBySpringCGLIB$$37a28083] is not eligible for getting processed by all BeanPostProcessors (for example: not eligible for auto-proxying)
2019-07-24 14:02:11.639  INFO 10072 --- [restartedMain] o.s.b.w.embedded.tomcat.TomcatWebServer  : Tomcat initialized with port(s): 8044 (http)
2019-07-24 14:02:11.655  INFO 10072 --- [restartedMain] o.apache.catalina.core.StandardService   : Starting service [Tomcat]
2019-07-24 14:02:11.656  INFO 10072 --- [restartedMain] org.apache.catalina.core.StandardEngine  : Starting Servlet engine: [Apache Tomcat/9.0.21]
2019-07-24 14:02:11.762  INFO 10072 --- [restartedMain] o.a.c.c.C.[Tomcat].[localhost].[/]       : Initializing Spring embedded WebApplicationContext
2019-07-24 14:02:11.763  INFO 10072 --- [restartedMain] o.s.web.context.ContextLoader            : Root WebApplicationContext: initialization completed in 1531 ms
2019-07-24 14:02:12.043  INFO 10072 --- [restartedMain] com.zaxxer.hikari.HikariDataSource       : HikariPool-1 - Starting...
2019-07-24 14:02:12.246  INFO 10072 --- [restartedMain] com.zaxxer.hikari.pool.PoolBase          : HikariPool-1 - Driver does not support get/set network timeout for connections. (oracle.jdbc.driver.T4CConnection.getNetworkTimeout()I)
2019-07-24 14:02:12.253  INFO 10072 --- [restartedMain] com.zaxxer.hikari.HikariDataSource       : HikariPool-1 - Start completed.
2019-07-24 14:02:12.468  INFO 10072 --- [restartedMain] o.hibernate.jpa.internal.util.LogHelper  : HHH000204: Processing PersistenceUnitInfo [
	name: default
	...]
2019-07-24 14:02:12.526  INFO 10072 --- [restartedMain] org.hibernate.Version                    : HHH000412: Hibernate Core {5.3.10.Final}
2019-07-24 14:02:12.527  INFO 10072 --- [restartedMain] org.hibernate.cfg.Environment            : HHH000206: hibernate.properties not found
2019-07-24 14:02:12.807  INFO 10072 --- [restartedMain] o.hibernate.annotations.common.Version   : HCANN000001: Hibernate Commons Annotations {5.0.4.Final}
2019-07-24 14:02:12.991  INFO 10072 --- [restartedMain] org.hibernate.dialect.Dialect            : HHH000400: Using dialect: org.hibernate.dialect.Oracle12cDialect
2019-07-24 14:02:13.098  INFO 10072 --- [restartedMain] org.hibernate.type.BasicTypeRegistry     : HHH000270: Type registration [byte[]] overrides previous : org.hibernate.type.BinaryType@50b01fa2
2019-07-24 14:02:13.098  INFO 10072 --- [restartedMain] org.hibernate.type.BasicTypeRegistry     : HHH000270: Type registration [[B] overrides previous : org.hibernate.type.BinaryType@50b01fa2
2019-07-24 14:02:13.099  INFO 10072 --- [restartedMain] org.hibernate.type.BasicTypeRegistry     : HHH000270: Type registration [Byte[]] overrides previous : org.hibernate.type.WrapperBinaryType@65d6a245
2019-07-24 14:02:13.099  INFO 10072 --- [restartedMain] org.hibernate.type.BasicTypeRegistry     : HHH000270: Type registration [[Ljava.lang.Byte;] overrides previous : org.hibernate.type.WrapperBinaryType@65d6a245
2019-07-24 14:02:13.570  INFO 10072 --- [restartedMain] o.h.h.i.QueryTranslatorFactoryInitiator  : HHH000397: Using ASTQueryTranslatorFactory
2019-07-24 14:02:13.625  INFO 10072 --- [restartedMain] j.LocalContainerEntityManagerFactoryBean : Initialized JPA EntityManagerFactory for persistence unit 'default'
2019-07-24 14:02:13.831  INFO 10072 --- [restartedMain] o.s.s.concurrent.ThreadPoolTaskExecutor  : Initializing ExecutorService 'applicationTaskExecutor'
2019-07-24 14:02:13.863  WARN 10072 --- [restartedMain] aWebConfiguration$JpaWebMvcConfiguration : spring.jpa.open-in-view is enabled by default. Therefore, database queries may be performed during view rendering. Explicitly configure spring.jpa.open-in-view to disable this warning
2019-07-24 14:02:14.049  INFO 10072 --- [restartedMain] o.s.b.d.a.OptionalLiveReloadServer       : LiveReload server is running on port 35729
2019-07-24 14:02:14.106  INFO 10072 --- [restartedMain] o.s.b.w.embedded.tomcat.TomcatWebServer  : Tomcat started on port(s): 8044 (http) with context path ''
2019-07-24 14:02:14.109  INFO 10072 --- [restartedMain] com.cg.fmssprint5.FmsSprint5Application  : Started FmsSprint5Application in 4.381 seconds (JVM running for 5.212)
2019-07-24 14:02:15.670  INFO 10072 --- [http-nio-8044-exec-2] o.a.c.c.C.[Tomcat].[localhost].[/]       : Initializing Spring DispatcherServlet 'dispatcherServlet'
2019-07-24 14:02:15.670  INFO 10072 --- [http-nio-8044-exec-2] o.s.web.servlet.DispatcherServlet        : Initializing Servlet 'dispatcherServlet'
2019-07-24 14:02:15.677  INFO 10072 --- [http-nio-8044-exec-2] o.s.web.servlet.DispatcherServlet        : Completed initialization in 7 ms
2019-07-24 14:05:41.555  INFO 10072 --- [Thread-9] o.s.s.concurrent.ThreadPoolTaskExecutor  : Shutting down ExecutorService 'applicationTaskExecutor'
2019-07-24 14:05:41.557  INFO 10072 --- [Thread-9] j.LocalContainerEntityManagerFactoryBean : Closing JPA EntityManagerFactory for persistence unit 'default'
2019-07-24 14:05:41.561  INFO 10072 --- [Thread-9] com.zaxxer.hikari.HikariDataSource       : HikariPool-1 - Shutdown initiated...
2019-07-24 14:05:41.570  INFO 10072 --- [Thread-9] com.zaxxer.hikari.HikariDataSource       : HikariPool-1 - Shutdown completed.
2019-07-24 14:05:41.868  INFO 10072 --- [restartedMain] com.cg.fmssprint5.FmsSprint5Application  : Starting FmsSprint5Application on DIN13002100 with PID 10072 (D:\Users\trainee\Desktop\fms-sprint5\target\classes started by trainee in D:\Users\trainee\Desktop\fms-sprint5)
2019-07-24 14:05:41.869  INFO 10072 --- [restartedMain] com.cg.fmssprint5.FmsSprint5Application  : No active profile set, falling back to default profiles: default
2019-07-24 14:05:42.082  INFO 10072 --- [restartedMain] .s.d.r.c.RepositoryConfigurationDelegate : Bootstrapping Spring Data repositories in DEFAULT mode.
2019-07-24 14:05:42.090  INFO 10072 --- [restartedMain] .s.d.r.c.RepositoryConfigurationDelegate : Finished Spring Data repository scanning in 7ms. Found 0 repository interfaces.
2019-07-24 14:05:42.146  INFO 10072 --- [restartedMain] trationDelegate$BeanPostProcessorChecker : Bean 'org.springframework.transaction.annotation.ProxyTransactionManagementConfiguration' of type [org.springframework.transaction.annotation.ProxyTransactionManagementConfiguration$$EnhancerBySpringCGLIB$$37a28083] is not eligible for getting processed by all BeanPostProcessors (for example: not eligible for auto-proxying)
2019-07-24 14:05:42.299  INFO 10072 --- [restartedMain] o.s.b.w.embedded.tomcat.TomcatWebServer  : Tomcat initialized with port(s): 8044 (http)
2019-07-24 14:05:42.300  INFO 10072 --- [restartedMain] o.apache.catalina.core.StandardService   : Starting service [Tomcat]
2019-07-24 14:05:42.300  INFO 10072 --- [restartedMain] org.apache.catalina.core.StandardEngine  : Starting Servlet engine: [Apache Tomcat/9.0.21]
2019-07-24 14:05:42.332  INFO 10072 --- [restartedMain] o.a.c.c.C.[Tomcat].[localhost].[/]       : Initializing Spring embedded WebApplicationContext
2019-07-24 14:05:42.332  INFO 10072 --- [restartedMain] o.s.web.context.ContextLoader            : Root WebApplicationContext: initialization completed in 462 ms
2019-07-24 14:05:42.374  INFO 10072 --- [restartedMain] com.zaxxer.hikari.HikariDataSource       : HikariPool-2 - Starting...
2019-07-24 14:05:42.397  INFO 10072 --- [restartedMain] com.zaxxer.hikari.pool.PoolBase          : HikariPool-2 - Driver does not support get/set network timeout for connections. (oracle.jdbc.driver.T4CConnection.getNetworkTimeout()I)
2019-07-24 14:05:42.399  INFO 10072 --- [restartedMain] com.zaxxer.hikari.HikariDataSource       : HikariPool-2 - Start completed.
2019-07-24 14:05:42.408  INFO 10072 --- [restartedMain] o.hibernate.jpa.internal.util.LogHelper  : HHH000204: Processing PersistenceUnitInfo [
	name: default
	...]
2019-07-24 14:05:42.422  INFO 10072 --- [restartedMain] org.hibernate.dialect.Dialect            : HHH000400: Using dialect: org.hibernate.dialect.Oracle12cDialect
2019-07-24 14:05:42.433  INFO 10072 --- [restartedMain] org.hibernate.type.BasicTypeRegistry     : HHH000270: Type registration [byte[]] overrides previous : org.hibernate.type.BinaryType@50b01fa2
2019-07-24 14:05:42.433  INFO 10072 --- [restartedMain] org.hibernate.type.BasicTypeRegistry     : HHH000270: Type registration [[B] overrides previous : org.hibernate.type.BinaryType@50b01fa2
2019-07-24 14:05:42.434  INFO 10072 --- [restartedMain] org.hibernate.type.BasicTypeRegistry     : HHH000270: Type registration [Byte[]] overrides previous : org.hibernate.type.WrapperBinaryType@65d6a245
2019-07-24 14:05:42.434  INFO 10072 --- [restartedMain] org.hibernate.type.BasicTypeRegistry     : HHH000270: Type registration [[Ljava.lang.Byte;] overrides previous : org.hibernate.type.WrapperBinaryType@65d6a245
2019-07-24 14:05:42.489  INFO 10072 --- [restartedMain] o.h.h.i.QueryTranslatorFactoryInitiator  : HHH000397: Using ASTQueryTranslatorFactory
2019-07-24 14:05:42.491  INFO 10072 --- [restartedMain] j.LocalContainerEntityManagerFactoryBean : Initialized JPA EntityManagerFactory for persistence unit 'default'
2019-07-24 14:05:42.617  INFO 10072 --- [restartedMain] o.s.s.concurrent.ThreadPoolTaskExecutor  : Initializing ExecutorService 'applicationTaskExecutor'
2019-07-24 14:05:42.625  WARN 10072 --- [restartedMain] aWebConfiguration$JpaWebMvcConfiguration : spring.jpa.open-in-view is enabled by default. Therefore, database queries may be performed during view rendering. Explicitly configure spring.jpa.open-in-view to disable this warning
2019-07-24 14:05:42.754  INFO 10072 --- [restartedMain] o.s.b.d.a.OptionalLiveReloadServer       : LiveReload server is running on port 35729
2019-07-24 14:05:42.789  INFO 10072 --- [restartedMain] o.s.b.w.embedded.tomcat.TomcatWebServer  : Tomcat started on port(s): 8044 (http) with context path ''
2019-07-24 14:05:42.790  INFO 10072 --- [restartedMain] com.cg.fmssprint5.FmsSprint5Application  : Started FmsSprint5Application in 0.953 seconds (JVM running for 213.89)
2019-07-24 14:05:42.792  INFO 10072 --- [restartedMain] .ConditionEvaluationDeltaLoggingListener : Condition evaluation unchanged
2019-07-24 14:07:20.207  INFO 10072 --- [Thread-14] o.s.s.concurrent.ThreadPoolTaskExecutor  : Shutting down ExecutorService 'applicationTaskExecutor'
2019-07-24 14:07:20.213  INFO 10072 --- [Thread-14] j.LocalContainerEntityManagerFactoryBean : Closing JPA EntityManagerFactory for persistence unit 'default'
2019-07-24 14:07:20.215  INFO 10072 --- [Thread-14] com.zaxxer.hikari.HikariDataSource       : HikariPool-2 - Shutdown initiated...
2019-07-24 14:07:20.231  INFO 10072 --- [Thread-14] com.zaxxer.hikari.HikariDataSource       : HikariPool-2 - Shutdown completed.
2019-07-24 14:07:20.537  INFO 10072 --- [restartedMain] com.cg.fmssprint5.FmsSprint5Application  : Starting FmsSprint5Application on DIN13002100 with PID 10072 (D:\Users\trainee\Desktop\fms-sprint5\target\classes started by trainee in D:\Users\trainee\Desktop\fms-sprint5)
2019-07-24 14:07:20.537  INFO 10072 --- [restartedMain] com.cg.fmssprint5.FmsSprint5Application  : No active profile set, falling back to default profiles: default
2019-07-24 14:07:20.697  INFO 10072 --- [restartedMain] .s.d.r.c.RepositoryConfigurationDelegate : Bootstrapping Spring Data repositories in DEFAULT mode.
2019-07-24 14:07:20.702  INFO 10072 --- [restartedMain] .s.d.r.c.RepositoryConfigurationDelegate : Finished Spring Data repository scanning in 5ms. Found 0 repository interfaces.
2019-07-24 14:07:20.743  INFO 10072 --- [restartedMain] trationDelegate$BeanPostProcessorChecker : Bean 'org.springframework.transaction.annotation.ProxyTransactionManagementConfiguration' of type [org.springframework.transaction.annotation.ProxyTransactionManagementConfiguration$$EnhancerBySpringCGLIB$$37a28083] is not eligible for getting processed by all BeanPostProcessors (for example: not eligible for auto-proxying)
2019-07-24 14:07:20.859  INFO 10072 --- [restartedMain] o.s.b.w.embedded.tomcat.TomcatWebServer  : Tomcat initialized with port(s): 8044 (http)
2019-07-24 14:07:20.860  INFO 10072 --- [restartedMain] o.apache.catalina.core.StandardService   : Starting service [Tomcat]
2019-07-24 14:07:20.860  INFO 10072 --- [restartedMain] org.apache.catalina.core.StandardEngine  : Starting Servlet engine: [Apache Tomcat/9.0.21]
2019-07-24 14:07:20.895  INFO 10072 --- [restartedMain] o.a.c.c.C.[Tomcat].[localhost].[/]       : Initializing Spring embedded WebApplicationContext
2019-07-24 14:07:20.895  INFO 10072 --- [restartedMain] o.s.web.context.ContextLoader            : Root WebApplicationContext: initialization completed in 356 ms
2019-07-24 14:07:20.932  INFO 10072 --- [restartedMain] com.zaxxer.hikari.HikariDataSource       : HikariPool-3 - Starting...
2019-07-24 14:07:20.958  INFO 10072 --- [restartedMain] com.zaxxer.hikari.pool.PoolBase          : HikariPool-3 - Driver does not support get/set network timeout for connections. (oracle.jdbc.driver.T4CConnection.getNetworkTimeout()I)
2019-07-24 14:07:20.959  INFO 10072 --- [restartedMain] com.zaxxer.hikari.HikariDataSource       : HikariPool-3 - Start completed.
2019-07-24 14:07:20.966  INFO 10072 --- [restartedMain] o.hibernate.jpa.internal.util.LogHelper  : HHH000204: Processing PersistenceUnitInfo [
	name: default
	...]
2019-07-24 14:07:20.978  INFO 10072 --- [restartedMain] org.hibernate.dialect.Dialect            : HHH000400: Using dialect: org.hibernate.dialect.Oracle12cDialect
2019-07-24 14:07:20.988  INFO 10072 --- [restartedMain] org.hibernate.type.BasicTypeRegistry     : HHH000270: Type registration [byte[]] overrides previous : org.hibernate.type.BinaryType@50b01fa2
2019-07-24 14:07:20.988  INFO 10072 --- [restartedMain] org.hibernate.type.BasicTypeRegistry     : HHH000270: Type registration [[B] overrides previous : org.hibernate.type.BinaryType@50b01fa2
2019-07-24 14:07:20.988  INFO 10072 --- [restartedMain] org.hibernate.type.BasicTypeRegistry     : HHH000270: Type registration [Byte[]] overrides previous : org.hibernate.type.WrapperBinaryType@65d6a245
2019-07-24 14:07:20.988  INFO 10072 --- [restartedMain] org.hibernate.type.BasicTypeRegistry     : HHH000270: Type registration [[Ljava.lang.Byte;] overrides previous : org.hibernate.type.WrapperBinaryType@65d6a245
2019-07-24 14:07:21.030  INFO 10072 --- [restartedMain] o.h.h.i.QueryTranslatorFactoryInitiator  : HHH000397: Using ASTQueryTranslatorFactory
2019-07-24 14:07:21.031  INFO 10072 --- [restartedMain] j.LocalContainerEntityManagerFactoryBean : Initialized JPA EntityManagerFactory for persistence unit 'default'
2019-07-24 14:07:21.139  INFO 10072 --- [restartedMain] o.s.s.concurrent.ThreadPoolTaskExecutor  : Initializing ExecutorService 'applicationTaskExecutor'
2019-07-24 14:07:21.146  WARN 10072 --- [restartedMain] aWebConfiguration$JpaWebMvcConfiguration : spring.jpa.open-in-view is enabled by default. Therefore, database queries may be performed during view rendering. Explicitly configure spring.jpa.open-in-view to disable this warning
2019-07-24 14:07:21.239  INFO 10072 --- [restartedMain] o.s.b.d.a.OptionalLiveReloadServer       : LiveReload server is running on port 35729
2019-07-24 14:07:21.267  INFO 10072 --- [restartedMain] o.s.b.w.embedded.tomcat.TomcatWebServer  : Tomcat started on port(s): 8044 (http) with context path ''
2019-07-24 14:07:21.268  INFO 10072 --- [restartedMain] com.cg.fmssprint5.FmsSprint5Application  : Started FmsSprint5Application in 0.755 seconds (JVM running for 312.368)
2019-07-24 14:07:21.271  INFO 10072 --- [restartedMain] .ConditionEvaluationDeltaLoggingListener : Condition evaluation unchanged
2019-07-24 14:07:30.621  INFO 10072 --- [http-nio-8044-exec-6] o.a.c.c.C.[Tomcat].[localhost].[/]       : Initializing Spring DispatcherServlet 'dispatcherServlet'
2019-07-24 14:07:30.622  INFO 10072 --- [http-nio-8044-exec-6] o.s.web.servlet.DispatcherServlet        : Initializing Servlet 'dispatcherServlet'
2019-07-24 14:07:30.626  INFO 10072 --- [http-nio-8044-exec-6] o.s.web.servlet.DispatcherServlet        : Completed initialization in 4 ms
2019-07-24 14:07:30.638  INFO 10072 --- [http-nio-8044-exec-6] com.cg.fmssprint5.FmsSprint5Application  : getMinPrice method has started
2019-07-24 14:07:30.659  WARN 10072 --- [http-nio-8044-exec-6] .m.m.a.ExceptionHandlerExceptionResolver : Resolved [com.cg.fmssprint5.exception.FRSException: please enter the place to be modified]
2019-07-24 14:08:09.544  INFO 10072 --- [Thread-21] o.s.s.concurrent.ThreadPoolTaskExecutor  : Shutting down ExecutorService 'applicationTaskExecutor'
2019-07-24 14:08:09.545  INFO 10072 --- [Thread-21] j.LocalContainerEntityManagerFactoryBean : Closing JPA EntityManagerFactory for persistence unit 'default'
2019-07-24 14:08:09.545  INFO 10072 --- [Thread-21] com.zaxxer.hikari.HikariDataSource       : HikariPool-3 - Shutdown initiated...
2019-07-24 14:08:09.555  INFO 10072 --- [Thread-21] com.zaxxer.hikari.HikariDataSource       : HikariPool-3 - Shutdown completed.
2019-07-24 14:08:09.798  INFO 10072 --- [restartedMain] com.cg.fmssprint5.FmsSprint5Application  : Starting FmsSprint5Application on DIN13002100 with PID 10072 (D:\Users\trainee\Desktop\fms-sprint5\target\classes started by trainee in D:\Users\trainee\Desktop\fms-sprint5)
2019-07-24 14:08:09.798  INFO 10072 --- [restartedMain] com.cg.fmssprint5.FmsSprint5Application  : No active profile set, falling back to default profiles: default
2019-07-24 14:08:09.990  INFO 10072 --- [restartedMain] .s.d.r.c.RepositoryConfigurationDelegate : Bootstrapping Spring Data repositories in DEFAULT mode.
2019-07-24 14:08:09.994  INFO 10072 --- [restartedMain] .s.d.r.c.RepositoryConfigurationDelegate : Finished Spring Data repository scanning in 4ms. Found 0 repository interfaces.
2019-07-24 14:08:10.027  INFO 10072 --- [restartedMain] trationDelegate$BeanPostProcessorChecker : Bean 'org.springframework.transaction.annotation.ProxyTransactionManagementConfiguration' of type [org.springframework.transaction.annotation.ProxyTransactionManagementConfiguration$$EnhancerBySpringCGLIB$$37a28083] is not eligible for getting processed by all BeanPostProcessors (for example: not eligible for auto-proxying)
2019-07-24 14:08:10.184  INFO 10072 --- [restartedMain] o.s.b.w.embedded.tomcat.TomcatWebServer  : Tomcat initialized with port(s): 8044 (http)
2019-07-24 14:08:10.186  INFO 10072 --- [restartedMain] o.apache.catalina.core.StandardService   : Starting service [Tomcat]
2019-07-24 14:08:10.186  INFO 10072 --- [restartedMain] org.apache.catalina.core.StandardEngine  : Starting Servlet engine: [Apache Tomcat/9.0.21]
2019-07-24 14:08:10.229  INFO 10072 --- [restartedMain] o.a.c.c.C.[Tomcat].[localhost].[/]       : Initializing Spring embedded WebApplicationContext
2019-07-24 14:08:10.229  INFO 10072 --- [restartedMain] o.s.web.context.ContextLoader            : Root WebApplicationContext: initialization completed in 429 ms
2019-07-24 14:08:10.267  INFO 10072 --- [restartedMain] com.zaxxer.hikari.HikariDataSource       : HikariPool-4 - Starting...
2019-07-24 14:08:10.340  INFO 10072 --- [restartedMain] com.zaxxer.hikari.pool.PoolBase          : HikariPool-4 - Driver does not support get/set network timeout for connections. (oracle.jdbc.driver.T4CConnection.getNetworkTimeout()I)
2019-07-24 14:08:10.343  INFO 10072 --- [restartedMain] com.zaxxer.hikari.HikariDataSource       : HikariPool-4 - Start completed.
2019-07-24 14:08:10.351  INFO 10072 --- [restartedMain] o.hibernate.jpa.internal.util.LogHelper  : HHH000204: Processing PersistenceUnitInfo [
	name: default
	...]
2019-07-24 14:08:10.362  INFO 10072 --- [restartedMain] org.hibernate.dialect.Dialect            : HHH000400: Using dialect: org.hibernate.dialect.Oracle12cDialect
2019-07-24 14:08:10.371  INFO 10072 --- [restartedMain] org.hibernate.type.BasicTypeRegistry     : HHH000270: Type registration [byte[]] overrides previous : org.hibernate.type.BinaryType@50b01fa2
2019-07-24 14:08:10.372  INFO 10072 --- [restartedMain] org.hibernate.type.BasicTypeRegistry     : HHH000270: Type registration [[B] overrides previous : org.hibernate.type.BinaryType@50b01fa2
2019-07-24 14:08:10.372  INFO 10072 --- [restartedMain] org.hibernate.type.BasicTypeRegistry     : HHH000270: Type registration [Byte[]] overrides previous : org.hibernate.type.WrapperBinaryType@65d6a245
2019-07-24 14:08:10.372  INFO 10072 --- [restartedMain] org.hibernate.type.BasicTypeRegistry     : HHH000270: Type registration [[Ljava.lang.Byte;] overrides previous : org.hibernate.type.WrapperBinaryType@65d6a245
2019-07-24 14:08:10.424  INFO 10072 --- [restartedMain] o.h.h.i.QueryTranslatorFactoryInitiator  : HHH000397: Using ASTQueryTranslatorFactory
2019-07-24 14:08:10.425  INFO 10072 --- [restartedMain] j.LocalContainerEntityManagerFactoryBean : Initialized JPA EntityManagerFactory for persistence unit 'default'
2019-07-24 14:08:10.588  INFO 10072 --- [restartedMain] o.s.s.concurrent.ThreadPoolTaskExecutor  : Initializing ExecutorService 'applicationTaskExecutor'
2019-07-24 14:08:10.598  WARN 10072 --- [restartedMain] aWebConfiguration$JpaWebMvcConfiguration : spring.jpa.open-in-view is enabled by default. Therefore, database queries may be performed during view rendering. Explicitly configure spring.jpa.open-in-view to disable this warning
2019-07-24 14:08:10.683  INFO 10072 --- [restartedMain] o.s.b.d.a.OptionalLiveReloadServer       : LiveReload server is running on port 35729
2019-07-24 14:08:10.737  INFO 10072 --- [restartedMain] o.s.b.w.embedded.tomcat.TomcatWebServer  : Tomcat started on port(s): 8044 (http) with context path ''
2019-07-24 14:08:10.738  INFO 10072 --- [restartedMain] com.cg.fmssprint5.FmsSprint5Application  : Started FmsSprint5Application in 0.964 seconds (JVM running for 361.837)
2019-07-24 14:08:10.740  INFO 10072 --- [restartedMain] .ConditionEvaluationDeltaLoggingListener : Condition evaluation unchanged
2019-07-24 14:09:19.527  INFO 10072 --- [Thread-28] o.s.s.concurrent.ThreadPoolTaskExecutor  : Shutting down ExecutorService 'applicationTaskExecutor'
2019-07-24 14:09:19.529  INFO 10072 --- [Thread-28] j.LocalContainerEntityManagerFactoryBean : Closing JPA EntityManagerFactory for persistence unit 'default'
2019-07-24 14:09:19.530  INFO 10072 --- [Thread-28] com.zaxxer.hikari.HikariDataSource       : HikariPool-4 - Shutdown initiated...
2019-07-24 14:09:19.541  INFO 10072 --- [Thread-28] com.zaxxer.hikari.HikariDataSource       : HikariPool-4 - Shutdown completed.
2019-07-24 14:09:19.774  INFO 10072 --- [restartedMain] com.cg.fmssprint5.FmsSprint5Application  : Starting FmsSprint5Application on DIN13002100 with PID 10072 (D:\Users\trainee\Desktop\fms-sprint5\target\classes started by trainee in D:\Users\trainee\Desktop\fms-sprint5)
2019-07-24 14:09:19.774  INFO 10072 --- [restartedMain] com.cg.fmssprint5.FmsSprint5Application  : No active profile set, falling back to default profiles: default
2019-07-24 14:09:19.935  INFO 10072 --- [restartedMain] .s.d.r.c.RepositoryConfigurationDelegate : Bootstrapping Spring Data repositories in DEFAULT mode.
2019-07-24 14:09:19.959  INFO 10072 --- [restartedMain] .s.d.r.c.RepositoryConfigurationDelegate : Finished Spring Data repository scanning in 24ms. Found 0 repository interfaces.
2019-07-24 14:09:19.993  INFO 10072 --- [restartedMain] trationDelegate$BeanPostProcessorChecker : Bean 'org.springframework.transaction.annotation.ProxyTransactionManagementConfiguration' of type [org.springframework.transaction.annotation.ProxyTransactionManagementConfiguration$$EnhancerBySpringCGLIB$$37a28083] is not eligible for getting processed by all BeanPostProcessors (for example: not eligible for auto-proxying)
2019-07-24 14:09:20.098  INFO 10072 --- [restartedMain] o.s.b.w.embedded.tomcat.TomcatWebServer  : Tomcat initialized with port(s): 8044 (http)
2019-07-24 14:09:20.099  INFO 10072 --- [restartedMain] o.apache.catalina.core.StandardService   : Starting service [Tomcat]
2019-07-24 14:09:20.099  INFO 10072 --- [restartedMain] org.apache.catalina.core.StandardEngine  : Starting Servlet engine: [Apache Tomcat/9.0.21]
2019-07-24 14:09:20.124  INFO 10072 --- [restartedMain] o.a.c.c.C.[Tomcat].[localhost].[/]       : Initializing Spring embedded WebApplicationContext
2019-07-24 14:09:20.124  INFO 10072 --- [restartedMain] o.s.web.context.ContextLoader            : Root WebApplicationContext: initialization completed in 347 ms
2019-07-24 14:09:20.172  INFO 10072 --- [restartedMain] com.zaxxer.hikari.HikariDataSource       : HikariPool-5 - Starting...
2019-07-24 14:09:20.200  INFO 10072 --- [restartedMain] com.zaxxer.hikari.pool.PoolBase          : HikariPool-5 - Driver does not support get/set network timeout for connections. (oracle.jdbc.driver.T4CConnection.getNetworkTimeout()I)
2019-07-24 14:09:20.201  INFO 10072 --- [restartedMain] com.zaxxer.hikari.HikariDataSource       : HikariPool-5 - Start completed.
2019-07-24 14:09:20.209  INFO 10072 --- [restartedMain] o.hibernate.jpa.internal.util.LogHelper  : HHH000204: Processing PersistenceUnitInfo [
	name: default
	...]
2019-07-24 14:09:20.244  INFO 10072 --- [restartedMain] org.hibernate.dialect.Dialect            : HHH000400: Using dialect: org.hibernate.dialect.Oracle12cDialect
2019-07-24 14:09:20.254  INFO 10072 --- [restartedMain] org.hibernate.type.BasicTypeRegistry     : HHH000270: Type registration [byte[]] overrides previous : org.hibernate.type.BinaryType@50b01fa2
2019-07-24 14:09:20.254  INFO 10072 --- [restartedMain] org.hibernate.type.BasicTypeRegistry     : HHH000270: Type registration [[B] overrides previous : org.hibernate.type.BinaryType@50b01fa2
2019-07-24 14:09:20.254  INFO 10072 --- [restartedMain] org.hibernate.type.BasicTypeRegistry     : HHH000270: Type registration [Byte[]] overrides previous : org.hibernate.type.WrapperBinaryType@65d6a245
2019-07-24 14:09:20.254  INFO 10072 --- [restartedMain] org.hibernate.type.BasicTypeRegistry     : HHH000270: Type registration [[Ljava.lang.Byte;] overrides previous : org.hibernate.type.WrapperBinaryType@65d6a245
2019-07-24 14:09:20.316  INFO 10072 --- [restartedMain] o.h.h.i.QueryTranslatorFactoryInitiator  : HHH000397: Using ASTQueryTranslatorFactory
2019-07-24 14:09:20.318  INFO 10072 --- [restartedMain] j.LocalContainerEntityManagerFactoryBean : Initialized JPA EntityManagerFactory for persistence unit 'default'
2019-07-24 14:09:20.455  INFO 10072 --- [restartedMain] o.s.s.concurrent.ThreadPoolTaskExecutor  : Initializing ExecutorService 'applicationTaskExecutor'
2019-07-24 14:09:20.464  WARN 10072 --- [restartedMain] aWebConfiguration$JpaWebMvcConfiguration : spring.jpa.open-in-view is enabled by default. Therefore, database queries may be performed during view rendering. Explicitly configure spring.jpa.open-in-view to disable this warning
2019-07-24 14:09:20.553  INFO 10072 --- [restartedMain] o.s.b.d.a.OptionalLiveReloadServer       : LiveReload server is running on port 35729
2019-07-24 14:09:20.573  INFO 10072 --- [restartedMain] o.s.b.w.embedded.tomcat.TomcatWebServer  : Tomcat started on port(s): 8044 (http) with context path ''
2019-07-24 14:09:20.574  INFO 10072 --- [restartedMain] com.cg.fmssprint5.FmsSprint5Application  : Started FmsSprint5Application in 0.819 seconds (JVM running for 431.672)
2019-07-24 14:09:20.576  INFO 10072 --- [restartedMain] .ConditionEvaluationDeltaLoggingListener : Condition evaluation unchanged
2019-07-24 14:09:24.407  INFO 10072 --- [http-nio-8044-exec-2] o.a.c.c.C.[Tomcat].[localhost].[/]       : Initializing Spring DispatcherServlet 'dispatcherServlet'
2019-07-24 14:09:24.409  INFO 10072 --- [http-nio-8044-exec-2] o.s.web.servlet.DispatcherServlet        : Initializing Servlet 'dispatcherServlet'
2019-07-24 14:09:24.411  INFO 10072 --- [http-nio-8044-exec-2] o.s.web.servlet.DispatcherServlet        : Completed initialization in 2 ms
2019-07-24 14:09:24.418  INFO 10072 --- [http-nio-8044-exec-2] com.cg.fmssprint5.FmsSprint5Application  : getMinPrice method has started
2019-07-24 14:09:24.432  WARN 10072 --- [http-nio-8044-exec-2] .m.m.a.ExceptionHandlerExceptionResolver : Resolved [com.cg.fmssprint5.exception.FRSException: please enter the place to be modified]
2019-07-24 14:09:35.872  INFO 10072 --- [http-nio-8044-exec-3] com.cg.fmssprint5.FmsSprint5Application  : getMinPrice method has started
2019-07-24 14:09:35.876  WARN 10072 --- [http-nio-8044-exec-3] .m.m.a.ExceptionHandlerExceptionResolver : Resolved [com.cg.fmssprint5.exception.FRSException: please enter the place to be modified]
2019-07-24 14:09:43.386  INFO 10072 --- [Thread-35] o.s.s.concurrent.ThreadPoolTaskExecutor  : Shutting down ExecutorService 'applicationTaskExecutor'
2019-07-24 14:09:43.387  INFO 10072 --- [Thread-35] j.LocalContainerEntityManagerFactoryBean : Closing JPA EntityManagerFactory for persistence unit 'default'
2019-07-24 14:09:43.389  INFO 10072 --- [Thread-35] com.zaxxer.hikari.HikariDataSource       : HikariPool-5 - Shutdown initiated...
2019-07-24 14:09:43.407  INFO 10072 --- [Thread-35] com.zaxxer.hikari.HikariDataSource       : HikariPool-5 - Shutdown completed.
2019-07-24 14:09:43.606  INFO 10072 --- [restartedMain] com.cg.fmssprint5.FmsSprint5Application  : Starting FmsSprint5Application on DIN13002100 with PID 10072 (D:\Users\trainee\Desktop\fms-sprint5\target\classes started by trainee in D:\Users\trainee\Desktop\fms-sprint5)
2019-07-24 14:09:43.606  INFO 10072 --- [restartedMain] com.cg.fmssprint5.FmsSprint5Application  : No active profile set, falling back to default profiles: default
2019-07-24 14:09:43.748  INFO 10072 --- [restartedMain] .s.d.r.c.RepositoryConfigurationDelegate : Bootstrapping Spring Data repositories in DEFAULT mode.
2019-07-24 14:09:43.752  INFO 10072 --- [restartedMain] .s.d.r.c.RepositoryConfigurationDelegate : Finished Spring Data repository scanning in 4ms. Found 0 repository interfaces.
2019-07-24 14:09:43.780  INFO 10072 --- [restartedMain] trationDelegate$BeanPostProcessorChecker : Bean 'org.springframework.transaction.annotation.ProxyTransactionManagementConfiguration' of type [org.springframework.transaction.annotation.ProxyTransactionManagementConfiguration$$EnhancerBySpringCGLIB$$37a28083] is not eligible for getting processed by all BeanPostProcessors (for example: not eligible for auto-proxying)
2019-07-24 14:09:43.887  INFO 10072 --- [restartedMain] o.s.b.w.embedded.tomcat.TomcatWebServer  : Tomcat initialized with port(s): 8044 (http)
2019-07-24 14:09:43.887  INFO 10072 --- [restartedMain] o.apache.catalina.core.StandardService   : Starting service [Tomcat]
2019-07-24 14:09:43.888  INFO 10072 --- [restartedMain] org.apache.catalina.core.StandardEngine  : Starting Servlet engine: [Apache Tomcat/9.0.21]
2019-07-24 14:09:43.906  INFO 10072 --- [restartedMain] o.a.c.c.C.[Tomcat].[localhost].[/]       : Initializing Spring embedded WebApplicationContext
2019-07-24 14:09:43.906  INFO 10072 --- [restartedMain] o.s.web.context.ContextLoader            : Root WebApplicationContext: initialization completed in 298 ms
2019-07-24 14:09:43.952  INFO 10072 --- [restartedMain] com.zaxxer.hikari.HikariDataSource       : HikariPool-6 - Starting...
2019-07-24 14:09:43.976  INFO 10072 --- [restartedMain] com.zaxxer.hikari.pool.PoolBase          : HikariPool-6 - Driver does not support get/set network timeout for connections. (oracle.jdbc.driver.T4CConnection.getNetworkTimeout()I)
2019-07-24 14:09:43.978  INFO 10072 --- [restartedMain] com.zaxxer.hikari.HikariDataSource       : HikariPool-6 - Start completed.
2019-07-24 14:09:43.986  INFO 10072 --- [restartedMain] o.hibernate.jpa.internal.util.LogHelper  : HHH000204: Processing PersistenceUnitInfo [
	name: default
	...]
2019-07-24 14:09:43.997  INFO 10072 --- [restartedMain] org.hibernate.dialect.Dialect            : HHH000400: Using dialect: org.hibernate.dialect.Oracle12cDialect
2019-07-24 14:09:44.005  INFO 10072 --- [restartedMain] org.hibernate.type.BasicTypeRegistry     : HHH000270: Type registration [byte[]] overrides previous : org.hibernate.type.BinaryType@50b01fa2
2019-07-24 14:09:44.005  INFO 10072 --- [restartedMain] org.hibernate.type.BasicTypeRegistry     : HHH000270: Type registration [[B] overrides previous : org.hibernate.type.BinaryType@50b01fa2
2019-07-24 14:09:44.005  INFO 10072 --- [restartedMain] org.hibernate.type.BasicTypeRegistry     : HHH000270: Type registration [Byte[]] overrides previous : org.hibernate.type.WrapperBinaryType@65d6a245
2019-07-24 14:09:44.005  INFO 10072 --- [restartedMain] org.hibernate.type.BasicTypeRegistry     : HHH000270: Type registration [[Ljava.lang.Byte;] overrides previous : org.hibernate.type.WrapperBinaryType@65d6a245
2019-07-24 14:09:44.051  INFO 10072 --- [restartedMain] o.h.h.i.QueryTranslatorFactoryInitiator  : HHH000397: Using ASTQueryTranslatorFactory
2019-07-24 14:09:44.052  INFO 10072 --- [restartedMain] j.LocalContainerEntityManagerFactoryBean : Initialized JPA EntityManagerFactory for persistence unit 'default'
2019-07-24 14:09:44.162  INFO 10072 --- [restartedMain] o.s.s.concurrent.ThreadPoolTaskExecutor  : Initializing ExecutorService 'applicationTaskExecutor'
2019-07-24 14:09:44.169  WARN 10072 --- [restartedMain] aWebConfiguration$JpaWebMvcConfiguration : spring.jpa.open-in-view is enabled by default. Therefore, database queries may be performed during view rendering. Explicitly configure spring.jpa.open-in-view to disable this warning
2019-07-24 14:09:44.271  INFO 10072 --- [restartedMain] o.s.b.d.a.OptionalLiveReloadServer       : LiveReload server is running on port 35729
2019-07-24 14:09:44.303  INFO 10072 --- [restartedMain] o.s.b.w.embedded.tomcat.TomcatWebServer  : Tomcat started on port(s): 8044 (http) with context path ''
2019-07-24 14:09:44.304  INFO 10072 --- [restartedMain] com.cg.fmssprint5.FmsSprint5Application  : Started FmsSprint5Application in 0.716 seconds (JVM running for 455.402)
2019-07-24 14:09:44.307  INFO 10072 --- [restartedMain] .ConditionEvaluationDeltaLoggingListener : Condition evaluation unchanged
2019-07-24 14:09:49.152  INFO 10072 --- [http-nio-8044-exec-3] o.a.c.c.C.[Tomcat].[localhost].[/]       : Initializing Spring DispatcherServlet 'dispatcherServlet'
2019-07-24 14:09:49.152  INFO 10072 --- [http-nio-8044-exec-3] o.s.web.servlet.DispatcherServlet        : Initializing Servlet 'dispatcherServlet'
2019-07-24 14:09:49.155  INFO 10072 --- [http-nio-8044-exec-3] o.s.web.servlet.DispatcherServlet        : Completed initialization in 3 ms
2019-07-24 14:09:49.166  INFO 10072 --- [http-nio-8044-exec-3] com.cg.fmssprint5.FmsSprint5Application  : getMinPrice method has started
2019-07-24 14:09:49.170  WARN 10072 --- [http-nio-8044-exec-3] .m.m.a.ExceptionHandlerExceptionResolver : Resolved [com.cg.fmssprint5.exception.FRSException: please enter all the values]
2019-07-24 14:09:56.583  INFO 10072 --- [http-nio-8044-exec-2] com.cg.fmssprint5.FmsSprint5Application  : getMinPrice method has started
2019-07-24 14:09:56.586  WARN 10072 --- [http-nio-8044-exec-2] .m.m.a.ExceptionHandlerExceptionResolver : Resolved [com.cg.fmssprint5.exception.FRSException: please enter all the values]
2019-07-24 14:10:22.586  INFO 10072 --- [http-nio-8044-exec-5] com.cg.fmssprint5.FmsSprint5Application  : getMinPrice method has started
2019-07-24 14:10:22.613 ERROR 10072 --- [http-nio-8044-exec-5] o.a.c.c.C.[.[.[/].[dispatcherServlet]    : Servlet.service() for servlet [dispatcherServlet] in context with path [] threw exception [Request processing failed; nested exception is org.springframework.dao.IncorrectResultSizeDataAccessException: query did not return a unique result: 2; nested exception is javax.persistence.NonUniqueResultException: query did not return a unique result: 2] with root cause

javax.persistence.NonUniqueResultException: query did not return a unique result: 2
	at org.hibernate.internal.ExceptionConverterImpl.convert(ExceptionConverterImpl.java:128) ~[hibernate-core-5.3.10.Final.jar:5.3.10.Final]
	at org.hibernate.query.internal.AbstractProducedQuery.getSingleResult(AbstractProducedQuery.java:1560) ~[hibernate-core-5.3.10.Final.jar:5.3.10.Final]
	at com.cg.fmssprint5.dao.Impl.FlightRouteDaoImpl.getMinPrice(FlightRouteDaoImpl.java:97) ~[classes/:na]
	at com.cg.fmssprint5.dao.Impl.FlightRouteDaoImpl$$FastClassBySpringCGLIB$$48ce7589.invoke(<generated>) ~[classes/:na]
	at org.springframework.cglib.proxy.MethodProxy.invoke(MethodProxy.java:218) ~[spring-core-5.1.8.RELEASE.jar:5.1.8.RELEASE]
	at org.springframework.aop.framework.CglibAopProxy$CglibMethodInvocation.invokeJoinpoint(CglibAopProxy.java:749) ~[spring-aop-5.1.8.RELEASE.jar:5.1.8.RELEASE]
	at org.springframework.aop.framework.ReflectiveMethodInvocation.proceed(ReflectiveMethodInvocation.java:163) ~[spring-aop-5.1.8.RELEASE.jar:5.1.8.RELEASE]
	at org.springframework.dao.support.PersistenceExceptionTranslationInterceptor.invoke(PersistenceExceptionTranslationInterceptor.java:139) ~[spring-tx-5.1.8.RELEASE.jar:5.1.8.RELEASE]
	at org.springframework.aop.framework.ReflectiveMethodInvocation.proceed(ReflectiveMethodInvocation.java:186) ~[spring-aop-5.1.8.RELEASE.jar:5.1.8.RELEASE]
	at org.springframework.transaction.interceptor.TransactionAspectSupport.invokeWithinTransaction(TransactionAspectSupport.java:295) ~[spring-tx-5.1.8.RELEASE.jar:5.1.8.RELEASE]
	at org.springframework.transaction.interceptor.TransactionInterceptor.invoke(TransactionInterceptor.java:98) ~[spring-tx-5.1.8.RELEASE.jar:5.1.8.RELEASE]
	at org.springframework.aop.framework.ReflectiveMethodInvocation.proceed(ReflectiveMethodInvocation.java:186) ~[spring-aop-5.1.8.RELEASE.jar:5.1.8.RELEASE]
	at org.springframework.aop.framework.CglibAopProxy$DynamicAdvisedInterceptor.intercept(CglibAopProxy.java:688) ~[spring-aop-5.1.8.RELEASE.jar:5.1.8.RELEASE]
	at com.cg.fmssprint5.dao.Impl.FlightRouteDaoImpl$$EnhancerBySpringCGLIB$$9e08567d.getMinPrice(<generated>) ~[classes/:na]
	at com.cg.fmssprint5.service.impl.FlightRouteOperationsImpl.getMinPrice(FlightRouteOperationsImpl.java:52) ~[classes/:na]
	at com.cg.fmssprint5.controller.RouteController.getMinPrice(RouteController.java:93) ~[classes/:na]
	at sun.reflect.NativeMethodAccessorImpl.invoke0(Native Method) ~[na:1.8.0_211]
	at sun.reflect.NativeMethodAccessorImpl.invoke(Unknown Source) ~[na:1.8.0_211]
	at sun.reflect.DelegatingMethodAccessorImpl.invoke(Unknown Source) ~[na:1.8.0_211]
	at java.lang.reflect.Method.invoke(Unknown Source) ~[na:1.8.0_211]
	at org.springframework.web.method.support.InvocableHandlerMethod.doInvoke(InvocableHandlerMethod.java:190) ~[spring-web-5.1.8.RELEASE.jar:5.1.8.RELEASE]
	at org.springframework.web.method.support.InvocableHandlerMethod.invokeForRequest(InvocableHandlerMethod.java:138) ~[spring-web-5.1.8.RELEASE.jar:5.1.8.RELEASE]
	at org.springframework.web.servlet.mvc.method.annotation.ServletInvocableHandlerMethod.invokeAndHandle(ServletInvocableHandlerMethod.java:104) ~[spring-webmvc-5.1.8.RELEASE.jar:5.1.8.RELEASE]
	at org.springframework.web.servlet.mvc.method.annotation.RequestMappingHandlerAdapter.invokeHandlerMethod(RequestMappingHandlerAdapter.java:892) ~[spring-webmvc-5.1.8.RELEASE.jar:5.1.8.RELEASE]
	at org.springframework.web.servlet.mvc.method.annotation.RequestMappingHandlerAdapter.handleInternal(RequestMappingHandlerAdapter.java:797) ~[spring-webmvc-5.1.8.RELEASE.jar:5.1.8.RELEASE]
	at org.springframework.web.servlet.mvc.method.AbstractHandlerMethodAdapter.handle(AbstractHandlerMethodAdapter.java:87) ~[spring-webmvc-5.1.8.RELEASE.jar:5.1.8.RELEASE]
	at org.springframework.web.servlet.DispatcherServlet.doDispatch(DispatcherServlet.java:1039) ~[spring-webmvc-5.1.8.RELEASE.jar:5.1.8.RELEASE]
	at org.springframework.web.servlet.DispatcherServlet.doService(DispatcherServlet.java:942) ~[spring-webmvc-5.1.8.RELEASE.jar:5.1.8.RELEASE]
	at org.springframework.web.servlet.FrameworkServlet.processRequest(FrameworkServlet.java:1005) ~[spring-webmvc-5.1.8.RELEASE.jar:5.1.8.RELEASE]
	at org.springframework.web.servlet.FrameworkServlet.doPut(FrameworkServlet.java:919) ~[spring-webmvc-5.1.8.RELEASE.jar:5.1.8.RELEASE]
	at javax.servlet.http.HttpServlet.service(HttpServlet.java:663) ~[tomcat-embed-core-9.0.21.jar:9.0.21]
	at org.springframework.web.servlet.FrameworkServlet.service(FrameworkServlet.java:882) ~[spring-webmvc-5.1.8.RELEASE.jar:5.1.8.RELEASE]
	at javax.servlet.http.HttpServlet.service(HttpServlet.java:741) ~[tomcat-embed-core-9.0.21.jar:9.0.21]
	at org.apache.catalina.core.ApplicationFilterChain.internalDoFilter(ApplicationFilterChain.java:231) ~[tomcat-embed-core-9.0.21.jar:9.0.21]
	at org.apache.catalina.core.ApplicationFilterChain.doFilter(ApplicationFilterChain.java:166) ~[tomcat-embed-core-9.0.21.jar:9.0.21]
	at org.apache.tomcat.websocket.server.WsFilter.doFilter(WsFilter.java:53) ~[tomcat-embed-websocket-9.0.21.jar:9.0.21]
	at org.apache.catalina.core.ApplicationFilterChain.internalDoFilter(ApplicationFilterChain.java:193) ~[tomcat-embed-core-9.0.21.jar:9.0.21]
	at org.apache.catalina.core.ApplicationFilterChain.doFilter(ApplicationFilterChain.java:166) ~[tomcat-embed-core-9.0.21.jar:9.0.21]
	at org.springframework.web.filter.RequestContextFilter.doFilterInternal(RequestContextFilter.java:99) ~[spring-web-5.1.8.RELEASE.jar:5.1.8.RELEASE]
	at org.springframework.web.filter.OncePerRequestFilter.doFilter(OncePerRequestFilter.java:109) ~[spring-web-5.1.8.RELEASE.jar:5.1.8.RELEASE]
	at org.apache.catalina.core.ApplicationFilterChain.internalDoFilter(ApplicationFilterChain.java:193) ~[tomcat-embed-core-9.0.21.jar:9.0.21]
	at org.apache.catalina.core.ApplicationFilterChain.doFilter(ApplicationFilterChain.java:166) ~[tomcat-embed-core-9.0.21.jar:9.0.21]
	at org.springframework.web.filter.FormContentFilter.doFilterInternal(FormContentFilter.java:92) ~[spring-web-5.1.8.RELEASE.jar:5.1.8.RELEASE]
	at org.springframework.web.filter.OncePerRequestFilter.doFilter(OncePerRequestFilter.java:109) ~[spring-web-5.1.8.RELEASE.jar:5.1.8.RELEASE]
	at org.apache.catalina.core.ApplicationFilterChain.internalDoFilter(ApplicationFilterChain.java:193) ~[tomcat-embed-core-9.0.21.jar:9.0.21]
	at org.apache.catalina.core.ApplicationFilterChain.doFilter(ApplicationFilterChain.java:166) ~[tomcat-embed-core-9.0.21.jar:9.0.21]
	at org.springframework.web.filter.HiddenHttpMethodFilter.doFilterInternal(HiddenHttpMethodFilter.java:93) ~[spring-web-5.1.8.RELEASE.jar:5.1.8.RELEASE]
	at org.springframework.web.filter.OncePerRequestFilter.doFilter(OncePerRequestFilter.java:109) ~[spring-web-5.1.8.RELEASE.jar:5.1.8.RELEASE]
	at org.apache.catalina.core.ApplicationFilterChain.internalDoFilter(ApplicationFilterChain.java:193) ~[tomcat-embed-core-9.0.21.jar:9.0.21]
	at org.apache.catalina.core.ApplicationFilterChain.doFilter(ApplicationFilterChain.java:166) ~[tomcat-embed-core-9.0.21.jar:9.0.21]
	at org.springframework.web.filter.CharacterEncodingFilter.doFilterInternal(CharacterEncodingFilter.java:200) ~[spring-web-5.1.8.RELEASE.jar:5.1.8.RELEASE]
	at org.springframework.web.filter.OncePerRequestFilter.doFilter(OncePerRequestFilter.java:109) ~[spring-web-5.1.8.RELEASE.jar:5.1.8.RELEASE]
	at org.apache.catalina.core.ApplicationFilterChain.internalDoFilter(ApplicationFilterChain.java:193) ~[tomcat-embed-core-9.0.21.jar:9.0.21]
	at org.apache.catalina.core.ApplicationFilterChain.doFilter(ApplicationFilterChain.java:166) ~[tomcat-embed-core-9.0.21.jar:9.0.21]
	at org.apache.catalina.core.StandardWrapperValve.invoke(StandardWrapperValve.java:202) ~[tomcat-embed-core-9.0.21.jar:9.0.21]
	at org.apache.catalina.core.StandardContextValve.invoke(StandardContextValve.java:96) [tomcat-embed-core-9.0.21.jar:9.0.21]
	at org.apache.catalina.authenticator.AuthenticatorBase.invoke(AuthenticatorBase.java:490) [tomcat-embed-core-9.0.21.jar:9.0.21]
	at org.apache.catalina.core.StandardHostValve.invoke(StandardHostValve.java:139) [tomcat-embed-core-9.0.21.jar:9.0.21]
	at org.apache.catalina.valves.ErrorReportValve.invoke(ErrorReportValve.java:92) [tomcat-embed-core-9.0.21.jar:9.0.21]
	at org.apache.catalina.core.StandardEngineValve.invoke(StandardEngineValve.java:74) [tomcat-embed-core-9.0.21.jar:9.0.21]
	at org.apache.catalina.connector.CoyoteAdapter.service(CoyoteAdapter.java:343) [tomcat-embed-core-9.0.21.jar:9.0.21]
	at org.apache.coyote.http11.Http11Processor.service(Http11Processor.java:408) [tomcat-embed-core-9.0.21.jar:9.0.21]
	at org.apache.coyote.AbstractProcessorLight.process(AbstractProcessorLight.java:66) [tomcat-embed-core-9.0.21.jar:9.0.21]
	at org.apache.coyote.AbstractProtocol$ConnectionHandler.process(AbstractProtocol.java:853) [tomcat-embed-core-9.0.21.jar:9.0.21]
	at org.apache.tomcat.util.net.NioEndpoint$SocketProcessor.doRun(NioEndpoint.java:1587) [tomcat-embed-core-9.0.21.jar:9.0.21]
	at org.apache.tomcat.util.net.SocketProcessorBase.run(SocketProcessorBase.java:49) [tomcat-embed-core-9.0.21.jar:9.0.21]
	at java.util.concurrent.ThreadPoolExecutor.runWorker(Unknown Source) [na:1.8.0_211]
	at java.util.concurrent.ThreadPoolExecutor$Worker.run(Unknown Source) [na:1.8.0_211]
	at org.apache.tomcat.util.threads.TaskThread$WrappingRunnable.run(TaskThread.java:61) [tomcat-embed-core-9.0.21.jar:9.0.21]
	at java.lang.Thread.run(Unknown Source) [na:1.8.0_211]

2019-07-24 14:13:27.755  INFO 10072 --- [Thread-42] o.s.s.concurrent.ThreadPoolTaskExecutor  : Shutting down ExecutorService 'applicationTaskExecutor'
2019-07-24 14:13:27.756  INFO 10072 --- [Thread-42] j.LocalContainerEntityManagerFactoryBean : Closing JPA EntityManagerFactory for persistence unit 'default'
2019-07-24 14:13:27.757  INFO 10072 --- [Thread-42] com.zaxxer.hikari.HikariDataSource       : HikariPool-6 - Shutdown initiated...
2019-07-24 14:13:27.769  INFO 10072 --- [Thread-42] com.zaxxer.hikari.HikariDataSource       : HikariPool-6 - Shutdown completed.
2019-07-24 14:13:28.067  INFO 10072 --- [restartedMain] com.cg.fmssprint5.FmsSprint5Application  : Starting FmsSprint5Application on DIN13002100 with PID 10072 (D:\Users\trainee\Desktop\fms-sprint5\target\classes started by trainee in D:\Users\trainee\Desktop\fms-sprint5)
2019-07-24 14:13:28.067  INFO 10072 --- [restartedMain] com.cg.fmssprint5.FmsSprint5Application  : No active profile set, falling back to default profiles: default
2019-07-24 14:13:28.310  INFO 10072 --- [restartedMain] .s.d.r.c.RepositoryConfigurationDelegate : Bootstrapping Spring Data repositories in DEFAULT mode.
2019-07-24 14:13:28.314  INFO 10072 --- [restartedMain] .s.d.r.c.RepositoryConfigurationDelegate : Finished Spring Data repository scanning in 4ms. Found 0 repository interfaces.
2019-07-24 14:13:28.360  INFO 10072 --- [restartedMain] trationDelegate$BeanPostProcessorChecker : Bean 'org.springframework.transaction.annotation.ProxyTransactionManagementConfiguration' of type [org.springframework.transaction.annotation.ProxyTransactionManagementConfiguration$$EnhancerBySpringCGLIB$$37a28083] is not eligible for getting processed by all BeanPostProcessors (for example: not eligible for auto-proxying)
2019-07-24 14:13:28.538  INFO 10072 --- [restartedMain] o.s.b.w.embedded.tomcat.TomcatWebServer  : Tomcat initialized with port(s): 8044 (http)
2019-07-24 14:13:28.539  INFO 10072 --- [restartedMain] o.apache.catalina.core.StandardService   : Starting service [Tomcat]
2019-07-24 14:13:28.539  INFO 10072 --- [restartedMain] org.apache.catalina.core.StandardEngine  : Starting Servlet engine: [Apache Tomcat/9.0.21]
2019-07-24 14:13:28.570  INFO 10072 --- [restartedMain] o.a.c.c.C.[Tomcat].[localhost].[/]       : Initializing Spring embedded WebApplicationContext
2019-07-24 14:13:28.570  INFO 10072 --- [restartedMain] o.s.web.context.ContextLoader            : Root WebApplicationContext: initialization completed in 501 ms
2019-07-24 14:13:28.636  INFO 10072 --- [restartedMain] com.zaxxer.hikari.HikariDataSource       : HikariPool-7 - Starting...
2019-07-24 14:13:28.669  INFO 10072 --- [restartedMain] com.zaxxer.hikari.pool.PoolBase          : HikariPool-7 - Driver does not support get/set network timeout for connections. (oracle.jdbc.driver.T4CConnection.getNetworkTimeout()I)
2019-07-24 14:13:28.672  INFO 10072 --- [restartedMain] com.zaxxer.hikari.HikariDataSource       : HikariPool-7 - Start completed.
2019-07-24 14:13:28.680  INFO 10072 --- [restartedMain] o.hibernate.jpa.internal.util.LogHelper  : HHH000204: Processing PersistenceUnitInfo [
	name: default
	...]
2019-07-24 14:13:28.694  INFO 10072 --- [restartedMain] org.hibernate.dialect.Dialect            : HHH000400: Using dialect: org.hibernate.dialect.Oracle12cDialect
2019-07-24 14:13:28.704  INFO 10072 --- [restartedMain] org.hibernate.type.BasicTypeRegistry     : HHH000270: Type registration [byte[]] overrides previous : org.hibernate.type.BinaryType@50b01fa2
2019-07-24 14:13:28.704  INFO 10072 --- [restartedMain] org.hibernate.type.BasicTypeRegistry     : HHH000270: Type registration [[B] overrides previous : org.hibernate.type.BinaryType@50b01fa2
2019-07-24 14:13:28.704  INFO 10072 --- [restartedMain] org.hibernate.type.BasicTypeRegistry     : HHH000270: Type registration [Byte[]] overrides previous : org.hibernate.type.WrapperBinaryType@65d6a245
2019-07-24 14:13:28.704  INFO 10072 --- [restartedMain] org.hibernate.type.BasicTypeRegistry     : HHH000270: Type registration [[Ljava.lang.Byte;] overrides previous : org.hibernate.type.WrapperBinaryType@65d6a245
2019-07-24 14:13:28.766  INFO 10072 --- [restartedMain] o.h.h.i.QueryTranslatorFactoryInitiator  : HHH000397: Using ASTQueryTranslatorFactory
2019-07-24 14:13:28.768  INFO 10072 --- [restartedMain] j.LocalContainerEntityManagerFactoryBean : Initialized JPA EntityManagerFactory for persistence unit 'default'
2019-07-24 14:13:28.902  INFO 10072 --- [restartedMain] o.s.s.concurrent.ThreadPoolTaskExecutor  : Initializing ExecutorService 'applicationTaskExecutor'
2019-07-24 14:13:28.911  WARN 10072 --- [restartedMain] aWebConfiguration$JpaWebMvcConfiguration : spring.jpa.open-in-view is enabled by default. Therefore, database queries may be performed during view rendering. Explicitly configure spring.jpa.open-in-view to disable this warning
2019-07-24 14:13:29.021  INFO 10072 --- [restartedMain] o.s.b.d.a.OptionalLiveReloadServer       : LiveReload server is running on port 35729
2019-07-24 14:13:29.092  INFO 10072 --- [restartedMain] o.s.b.w.embedded.tomcat.TomcatWebServer  : Tomcat started on port(s): 8044 (http) with context path ''
2019-07-24 14:13:29.093  INFO 10072 --- [restartedMain] com.cg.fmssprint5.FmsSprint5Application  : Started FmsSprint5Application in 1.057 seconds (JVM running for 680.188)
2019-07-24 14:13:29.095  INFO 10072 --- [restartedMain] .ConditionEvaluationDeltaLoggingListener : Condition evaluation unchanged
2019-07-24 14:13:30.467  INFO 10072 --- [Thread-50] o.s.s.concurrent.ThreadPoolTaskExecutor  : Shutting down ExecutorService 'applicationTaskExecutor'
2019-07-24 14:13:30.468  INFO 10072 --- [Thread-50] j.LocalContainerEntityManagerFactoryBean : Closing JPA EntityManagerFactory for persistence unit 'default'
2019-07-24 14:13:30.469  INFO 10072 --- [Thread-50] com.zaxxer.hikari.HikariDataSource       : HikariPool-7 - Shutdown initiated...
2019-07-24 14:13:30.479  INFO 10072 --- [Thread-50] com.zaxxer.hikari.HikariDataSource       : HikariPool-7 - Shutdown completed.
2019-07-24 14:13:30.676  INFO 10072 --- [restartedMain] com.cg.fmssprint5.FmsSprint5Application  : Starting FmsSprint5Application on DIN13002100 with PID 10072 (D:\Users\trainee\Desktop\fms-sprint5\target\classes started by trainee in D:\Users\trainee\Desktop\fms-sprint5)
2019-07-24 14:13:30.676  INFO 10072 --- [restartedMain] com.cg.fmssprint5.FmsSprint5Application  : No active profile set, falling back to default profiles: default
2019-07-24 14:13:30.827  INFO 10072 --- [restartedMain] .s.d.r.c.RepositoryConfigurationDelegate : Bootstrapping Spring Data repositories in DEFAULT mode.
2019-07-24 14:13:30.831  INFO 10072 --- [restartedMain] .s.d.r.c.RepositoryConfigurationDelegate : Finished Spring Data repository scanning in 4ms. Found 0 repository interfaces.
2019-07-24 14:13:30.865  INFO 10072 --- [restartedMain] trationDelegate$BeanPostProcessorChecker : Bean 'org.springframework.transaction.annotation.ProxyTransactionManagementConfiguration' of type [org.springframework.transaction.annotation.ProxyTransactionManagementConfiguration$$EnhancerBySpringCGLIB$$37a28083] is not eligible for getting processed by all BeanPostProcessors (for example: not eligible for auto-proxying)
2019-07-24 14:13:31.041  INFO 10072 --- [restartedMain] o.s.b.w.embedded.tomcat.TomcatWebServer  : Tomcat initialized with port(s): 8044 (http)
2019-07-24 14:13:31.042  INFO 10072 --- [restartedMain] o.apache.catalina.core.StandardService   : Starting service [Tomcat]
2019-07-24 14:13:31.042  INFO 10072 --- [restartedMain] org.apache.catalina.core.StandardEngine  : Starting Servlet engine: [Apache Tomcat/9.0.21]
2019-07-24 14:13:31.107  INFO 10072 --- [restartedMain] o.a.c.c.C.[Tomcat].[localhost].[/]       : Initializing Spring embedded WebApplicationContext
2019-07-24 14:13:31.107  INFO 10072 --- [restartedMain] o.s.web.context.ContextLoader            : Root WebApplicationContext: initialization completed in 429 ms
2019-07-24 14:13:31.141  INFO 10072 --- [restartedMain] com.zaxxer.hikari.HikariDataSource       : HikariPool-8 - Starting...
2019-07-24 14:13:31.161  INFO 10072 --- [restartedMain] com.zaxxer.hikari.pool.PoolBase          : HikariPool-8 - Driver does not support get/set network timeout for connections. (oracle.jdbc.driver.T4CConnection.getNetworkTimeout()I)
2019-07-24 14:13:31.163  INFO 10072 --- [restartedMain] com.zaxxer.hikari.HikariDataSource       : HikariPool-8 - Start completed.
2019-07-24 14:13:31.169  INFO 10072 --- [restartedMain] o.hibernate.jpa.internal.util.LogHelper  : HHH000204: Processing PersistenceUnitInfo [
	name: default
	...]
2019-07-24 14:13:31.179  INFO 10072 --- [restartedMain] org.hibernate.dialect.Dialect            : HHH000400: Using dialect: org.hibernate.dialect.Oracle12cDialect
2019-07-24 14:13:31.188  INFO 10072 --- [restartedMain] org.hibernate.type.BasicTypeRegistry     : HHH000270: Type registration [byte[]] overrides previous : org.hibernate.type.BinaryType@50b01fa2
2019-07-24 14:13:31.189  INFO 10072 --- [restartedMain] org.hibernate.type.BasicTypeRegistry     : HHH000270: Type registration [[B] overrides previous : org.hibernate.type.BinaryType@50b01fa2
2019-07-24 14:13:31.189  INFO 10072 --- [restartedMain] org.hibernate.type.BasicTypeRegistry     : HHH000270: Type registration [Byte[]] overrides previous : org.hibernate.type.WrapperBinaryType@65d6a245
2019-07-24 14:13:31.189  INFO 10072 --- [restartedMain] org.hibernate.type.BasicTypeRegistry     : HHH000270: Type registration [[Ljava.lang.Byte;] overrides previous : org.hibernate.type.WrapperBinaryType@65d6a245
2019-07-24 14:13:31.236  INFO 10072 --- [restartedMain] o.h.h.i.QueryTranslatorFactoryInitiator  : HHH000397: Using ASTQueryTranslatorFactory
2019-07-24 14:13:31.237  INFO 10072 --- [restartedMain] j.LocalContainerEntityManagerFactoryBean : Initialized JPA EntityManagerFactory for persistence unit 'default'
2019-07-24 14:13:31.362  INFO 10072 --- [restartedMain] o.s.s.concurrent.ThreadPoolTaskExecutor  : Initializing ExecutorService 'applicationTaskExecutor'
2019-07-24 14:13:31.372  WARN 10072 --- [restartedMain] aWebConfiguration$JpaWebMvcConfiguration : spring.jpa.open-in-view is enabled by default. Therefore, database queries may be performed during view rendering. Explicitly configure spring.jpa.open-in-view to disable this warning
2019-07-24 14:13:31.469  INFO 10072 --- [restartedMain] o.s.b.d.a.OptionalLiveReloadServer       : LiveReload server is running on port 35729
2019-07-24 14:13:31.497  INFO 10072 --- [restartedMain] o.s.b.w.embedded.tomcat.TomcatWebServer  : Tomcat started on port(s): 8044 (http) with context path ''
2019-07-24 14:13:31.498  INFO 10072 --- [restartedMain] com.cg.fmssprint5.FmsSprint5Application  : Started FmsSprint5Application in 0.844 seconds (JVM running for 682.593)
2019-07-24 14:13:31.500  INFO 10072 --- [restartedMain] .ConditionEvaluationDeltaLoggingListener : Condition evaluation unchanged
2019-07-24 14:14:38.319  INFO 10072 --- [Thread-57] o.s.s.concurrent.ThreadPoolTaskExecutor  : Shutting down ExecutorService 'applicationTaskExecutor'
2019-07-24 14:14:38.320  INFO 10072 --- [Thread-57] j.LocalContainerEntityManagerFactoryBean : Closing JPA EntityManagerFactory for persistence unit 'default'
2019-07-24 14:14:38.321  INFO 10072 --- [Thread-57] com.zaxxer.hikari.HikariDataSource       : HikariPool-8 - Shutdown initiated...
2019-07-24 14:14:38.328  INFO 10072 --- [Thread-57] com.zaxxer.hikari.HikariDataSource       : HikariPool-8 - Shutdown completed.
2019-07-24 14:14:38.615  INFO 10072 --- [restartedMain] com.cg.fmssprint5.FmsSprint5Application  : Starting FmsSprint5Application on DIN13002100 with PID 10072 (D:\Users\trainee\Desktop\fms-sprint5\target\classes started by trainee in D:\Users\trainee\Desktop\fms-sprint5)
2019-07-24 14:14:38.615  INFO 10072 --- [restartedMain] com.cg.fmssprint5.FmsSprint5Application  : No active profile set, falling back to default profiles: default
2019-07-24 14:14:38.788  INFO 10072 --- [restartedMain] .s.d.r.c.RepositoryConfigurationDelegate : Bootstrapping Spring Data repositories in DEFAULT mode.
2019-07-24 14:14:38.794  INFO 10072 --- [restartedMain] .s.d.r.c.RepositoryConfigurationDelegate : Finished Spring Data repository scanning in 6ms. Found 0 repository interfaces.
2019-07-24 14:14:38.832  INFO 10072 --- [restartedMain] trationDelegate$BeanPostProcessorChecker : Bean 'org.springframework.transaction.annotation.ProxyTransactionManagementConfiguration' of type [org.springframework.transaction.annotation.ProxyTransactionManagementConfiguration$$EnhancerBySpringCGLIB$$37a28083] is not eligible for getting processed by all BeanPostProcessors (for example: not eligible for auto-proxying)
2019-07-24 14:14:38.946  INFO 10072 --- [restartedMain] o.s.b.w.embedded.tomcat.TomcatWebServer  : Tomcat initialized with port(s): 8044 (http)
2019-07-24 14:14:38.946  INFO 10072 --- [restartedMain] o.apache.catalina.core.StandardService   : Starting service [Tomcat]
2019-07-24 14:14:38.946  INFO 10072 --- [restartedMain] org.apache.catalina.core.StandardEngine  : Starting Servlet engine: [Apache Tomcat/9.0.21]
2019-07-24 14:14:38.973  INFO 10072 --- [restartedMain] o.a.c.c.C.[Tomcat].[localhost].[/]       : Initializing Spring embedded WebApplicationContext
2019-07-24 14:14:38.973  INFO 10072 --- [restartedMain] o.s.web.context.ContextLoader            : Root WebApplicationContext: initialization completed in 357 ms
2019-07-24 14:14:39.007  INFO 10072 --- [restartedMain] com.zaxxer.hikari.HikariDataSource       : HikariPool-9 - Starting...
2019-07-24 14:14:39.028  INFO 10072 --- [restartedMain] com.zaxxer.hikari.pool.PoolBase          : HikariPool-9 - Driver does not support get/set network timeout for connections. (oracle.jdbc.driver.T4CConnection.getNetworkTimeout()I)
2019-07-24 14:14:39.029  INFO 10072 --- [restartedMain] com.zaxxer.hikari.HikariDataSource       : HikariPool-9 - Start completed.
2019-07-24 14:14:39.034  INFO 10072 --- [restartedMain] o.hibernate.jpa.internal.util.LogHelper  : HHH000204: Processing PersistenceUnitInfo [
	name: default
	...]
2019-07-24 14:14:39.044  INFO 10072 --- [restartedMain] org.hibernate.dialect.Dialect            : HHH000400: Using dialect: org.hibernate.dialect.Oracle12cDialect
2019-07-24 14:14:39.052  INFO 10072 --- [restartedMain] org.hibernate.type.BasicTypeRegistry     : HHH000270: Type registration [byte[]] overrides previous : org.hibernate.type.BinaryType@50b01fa2
2019-07-24 14:14:39.052  INFO 10072 --- [restartedMain] org.hibernate.type.BasicTypeRegistry     : HHH000270: Type registration [[B] overrides previous : org.hibernate.type.BinaryType@50b01fa2
2019-07-24 14:14:39.052  INFO 10072 --- [restartedMain] org.hibernate.type.BasicTypeRegistry     : HHH000270: Type registration [Byte[]] overrides previous : org.hibernate.type.WrapperBinaryType@65d6a245
2019-07-24 14:14:39.052  INFO 10072 --- [restartedMain] org.hibernate.type.BasicTypeRegistry     : HHH000270: Type registration [[Ljava.lang.Byte;] overrides previous : org.hibernate.type.WrapperBinaryType@65d6a245
2019-07-24 14:14:39.098  INFO 10072 --- [restartedMain] o.h.h.i.QueryTranslatorFactoryInitiator  : HHH000397: Using ASTQueryTranslatorFactory
2019-07-24 14:14:39.099  INFO 10072 --- [restartedMain] j.LocalContainerEntityManagerFactoryBean : Initialized JPA EntityManagerFactory for persistence unit 'default'
2019-07-24 14:14:39.222  INFO 10072 --- [restartedMain] o.s.s.concurrent.ThreadPoolTaskExecutor  : Initializing ExecutorService 'applicationTaskExecutor'
2019-07-24 14:14:39.233  WARN 10072 --- [restartedMain] aWebConfiguration$JpaWebMvcConfiguration : spring.jpa.open-in-view is enabled by default. Therefore, database queries may be performed during view rendering. Explicitly configure spring.jpa.open-in-view to disable this warning
2019-07-24 14:14:39.353  INFO 10072 --- [restartedMain] o.s.b.d.a.OptionalLiveReloadServer       : LiveReload server is running on port 35729
2019-07-24 14:14:39.386  INFO 10072 --- [restartedMain] o.s.b.w.embedded.tomcat.TomcatWebServer  : Tomcat started on port(s): 8044 (http) with context path ''
2019-07-24 14:14:39.387  INFO 10072 --- [restartedMain] com.cg.fmssprint5.FmsSprint5Application  : Started FmsSprint5Application in 0.794 seconds (JVM running for 750.462)
2019-07-24 14:14:39.389  INFO 10072 --- [restartedMain] .ConditionEvaluationDeltaLoggingListener : Condition evaluation unchanged
2019-07-24 14:15:25.756  INFO 10072 --- [Thread-64] o.s.s.concurrent.ThreadPoolTaskExecutor  : Shutting down ExecutorService 'applicationTaskExecutor'
2019-07-24 14:15:25.759  INFO 10072 --- [Thread-64] j.LocalContainerEntityManagerFactoryBean : Closing JPA EntityManagerFactory for persistence unit 'default'
2019-07-24 14:15:25.760  INFO 10072 --- [Thread-64] com.zaxxer.hikari.HikariDataSource       : HikariPool-9 - Shutdown initiated...
2019-07-24 14:15:25.779  INFO 10072 --- [Thread-64] com.zaxxer.hikari.HikariDataSource       : HikariPool-9 - Shutdown completed.
2019-07-24 14:15:25.969  INFO 10072 --- [restartedMain] com.cg.fmssprint5.FmsSprint5Application  : Starting FmsSprint5Application on DIN13002100 with PID 10072 (D:\Users\trainee\Desktop\fms-sprint5\target\classes started by trainee in D:\Users\trainee\Desktop\fms-sprint5)
2019-07-24 14:15:25.969  INFO 10072 --- [restartedMain] com.cg.fmssprint5.FmsSprint5Application  : No active profile set, falling back to default profiles: default
2019-07-24 14:15:26.122  INFO 10072 --- [restartedMain] .s.d.r.c.RepositoryConfigurationDelegate : Bootstrapping Spring Data repositories in DEFAULT mode.
2019-07-24 14:15:26.126  INFO 10072 --- [restartedMain] .s.d.r.c.RepositoryConfigurationDelegate : Finished Spring Data repository scanning in 4ms. Found 0 repository interfaces.
2019-07-24 14:15:26.160  INFO 10072 --- [restartedMain] trationDelegate$BeanPostProcessorChecker : Bean 'org.springframework.transaction.annotation.ProxyTransactionManagementConfiguration' of type [org.springframework.transaction.annotation.ProxyTransactionManagementConfiguration$$EnhancerBySpringCGLIB$$37a28083] is not eligible for getting processed by all BeanPostProcessors (for example: not eligible for auto-proxying)
2019-07-24 14:15:26.260  INFO 10072 --- [restartedMain] o.s.b.w.embedded.tomcat.TomcatWebServer  : Tomcat initialized with port(s): 8044 (http)
2019-07-24 14:15:26.261  INFO 10072 --- [restartedMain] o.apache.catalina.core.StandardService   : Starting service [Tomcat]
2019-07-24 14:15:26.261  INFO 10072 --- [restartedMain] org.apache.catalina.core.StandardEngine  : Starting Servlet engine: [Apache Tomcat/9.0.21]
2019-07-24 14:15:26.279  INFO 10072 --- [restartedMain] o.a.c.c.C.[Tomcat].[localhost].[/]       : Initializing Spring embedded WebApplicationContext
2019-07-24 14:15:26.279  INFO 10072 --- [restartedMain] o.s.web.context.ContextLoader            : Root WebApplicationContext: initialization completed in 308 ms
2019-07-24 14:15:26.314  INFO 10072 --- [restartedMain] com.zaxxer.hikari.HikariDataSource       : HikariPool-10 - Starting...
2019-07-24 14:15:26.333  INFO 10072 --- [restartedMain] com.zaxxer.hikari.pool.PoolBase          : HikariPool-10 - Driver does not support get/set network timeout for connections. (oracle.jdbc.driver.T4CConnection.getNetworkTimeout()I)
2019-07-24 14:15:26.335  INFO 10072 --- [restartedMain] com.zaxxer.hikari.HikariDataSource       : HikariPool-10 - Start completed.
2019-07-24 14:15:26.342  INFO 10072 --- [restartedMain] o.hibernate.jpa.internal.util.LogHelper  : HHH000204: Processing PersistenceUnitInfo [
	name: default
	...]
2019-07-24 14:15:26.360  INFO 10072 --- [restartedMain] org.hibernate.dialect.Dialect            : HHH000400: Using dialect: org.hibernate.dialect.Oracle12cDialect
2019-07-24 14:15:26.366  INFO 10072 --- [restartedMain] org.hibernate.type.BasicTypeRegistry     : HHH000270: Type registration [byte[]] overrides previous : org.hibernate.type.BinaryType@50b01fa2
2019-07-24 14:15:26.366  INFO 10072 --- [restartedMain] org.hibernate.type.BasicTypeRegistry     : HHH000270: Type registration [[B] overrides previous : org.hibernate.type.BinaryType@50b01fa2
2019-07-24 14:15:26.367  INFO 10072 --- [restartedMain] org.hibernate.type.BasicTypeRegistry     : HHH000270: Type registration [Byte[]] overrides previous : org.hibernate.type.WrapperBinaryType@65d6a245
2019-07-24 14:15:26.367  INFO 10072 --- [restartedMain] org.hibernate.type.BasicTypeRegistry     : HHH000270: Type registration [[Ljava.lang.Byte;] overrides previous : org.hibernate.type.WrapperBinaryType@65d6a245
2019-07-24 14:15:26.406  INFO 10072 --- [restartedMain] o.h.h.i.QueryTranslatorFactoryInitiator  : HHH000397: Using ASTQueryTranslatorFactory
2019-07-24 14:15:26.407  INFO 10072 --- [restartedMain] j.LocalContainerEntityManagerFactoryBean : Initialized JPA EntityManagerFactory for persistence unit 'default'
2019-07-24 14:15:26.491  INFO 10072 --- [restartedMain] o.s.s.concurrent.ThreadPoolTaskExecutor  : Initializing ExecutorService 'applicationTaskExecutor'
2019-07-24 14:15:26.499  WARN 10072 --- [restartedMain] aWebConfiguration$JpaWebMvcConfiguration : spring.jpa.open-in-view is enabled by default. Therefore, database queries may be performed during view rendering. Explicitly configure spring.jpa.open-in-view to disable this warning
2019-07-24 14:15:26.613  INFO 10072 --- [restartedMain] o.s.b.d.a.OptionalLiveReloadServer       : LiveReload server is running on port 35729
2019-07-24 14:15:26.636  INFO 10072 --- [restartedMain] o.s.b.w.embedded.tomcat.TomcatWebServer  : Tomcat started on port(s): 8044 (http) with context path ''
2019-07-24 14:15:26.638  INFO 10072 --- [restartedMain] com.cg.fmssprint5.FmsSprint5Application  : Started FmsSprint5Application in 0.686 seconds (JVM running for 797.671)
2019-07-24 14:15:26.641  INFO 10072 --- [restartedMain] .ConditionEvaluationDeltaLoggingListener : Condition evaluation unchanged
2019-07-24 14:15:43.345  INFO 10072 --- [Thread-71] o.s.s.concurrent.ThreadPoolTaskExecutor  : Shutting down ExecutorService 'applicationTaskExecutor'
2019-07-24 14:15:43.345  INFO 10072 --- [Thread-71] j.LocalContainerEntityManagerFactoryBean : Closing JPA EntityManagerFactory for persistence unit 'default'
2019-07-24 14:15:43.346  INFO 10072 --- [Thread-71] com.zaxxer.hikari.HikariDataSource       : HikariPool-10 - Shutdown initiated...
2019-07-24 14:15:43.356  INFO 10072 --- [Thread-71] com.zaxxer.hikari.HikariDataSource       : HikariPool-10 - Shutdown completed.
2019-07-24 14:15:43.569  INFO 10072 --- [restartedMain] com.cg.fmssprint5.FmsSprint5Application  : Starting FmsSprint5Application on DIN13002100 with PID 10072 (D:\Users\trainee\Desktop\fms-sprint5\target\classes started by trainee in D:\Users\trainee\Desktop\fms-sprint5)
2019-07-24 14:15:43.570  INFO 10072 --- [restartedMain] com.cg.fmssprint5.FmsSprint5Application  : No active profile set, falling back to default profiles: default
2019-07-24 14:15:43.758  INFO 10072 --- [restartedMain] .s.d.r.c.RepositoryConfigurationDelegate : Bootstrapping Spring Data repositories in DEFAULT mode.
2019-07-24 14:15:43.762  INFO 10072 --- [restartedMain] .s.d.r.c.RepositoryConfigurationDelegate : Finished Spring Data repository scanning in 4ms. Found 0 repository interfaces.
2019-07-24 14:15:43.799  INFO 10072 --- [restartedMain] trationDelegate$BeanPostProcessorChecker : Bean 'org.springframework.transaction.annotation.ProxyTransactionManagementConfiguration' of type [org.springframework.transaction.annotation.ProxyTransactionManagementConfiguration$$EnhancerBySpringCGLIB$$37a28083] is not eligible for getting processed by all BeanPostProcessors (for example: not eligible for auto-proxying)
2019-07-24 14:15:43.895  INFO 10072 --- [restartedMain] o.s.b.w.embedded.tomcat.TomcatWebServer  : Tomcat initialized with port(s): 8044 (http)
2019-07-24 14:15:43.896  INFO 10072 --- [restartedMain] o.apache.catalina.core.StandardService   : Starting service [Tomcat]
2019-07-24 14:15:43.896  INFO 10072 --- [restartedMain] org.apache.catalina.core.StandardEngine  : Starting Servlet engine: [Apache Tomcat/9.0.21]
2019-07-24 14:15:43.918  INFO 10072 --- [restartedMain] o.a.c.c.C.[Tomcat].[localhost].[/]       : Initializing Spring embedded WebApplicationContext
2019-07-24 14:15:43.918  INFO 10072 --- [restartedMain] o.s.web.context.ContextLoader            : Root WebApplicationContext: initialization completed in 346 ms
2019-07-24 14:15:43.953  INFO 10072 --- [restartedMain] com.zaxxer.hikari.HikariDataSource       : HikariPool-11 - Starting...
2019-07-24 14:15:44.051  INFO 10072 --- [restartedMain] com.zaxxer.hikari.pool.PoolBase          : HikariPool-11 - Driver does not support get/set network timeout for connections. (oracle.jdbc.driver.T4CConnection.getNetworkTimeout()I)
2019-07-24 14:15:44.054  INFO 10072 --- [restartedMain] com.zaxxer.hikari.HikariDataSource       : HikariPool-11 - Start completed.
2019-07-24 14:15:44.067  INFO 10072 --- [restartedMain] o.hibernate.jpa.internal.util.LogHelper  : HHH000204: Processing PersistenceUnitInfo [
	name: default
	...]
2019-07-24 14:15:44.089  INFO 10072 --- [restartedMain] org.hibernate.dialect.Dialect            : HHH000400: Using dialect: org.hibernate.dialect.Oracle12cDialect
2019-07-24 14:15:44.100  INFO 10072 --- [restartedMain] org.hibernate.type.BasicTypeRegistry     : HHH000270: Type registration [byte[]] overrides previous : org.hibernate.type.BinaryType@50b01fa2
2019-07-24 14:15:44.100  INFO 10072 --- [restartedMain] org.hibernate.type.BasicTypeRegistry     : HHH000270: Type registration [[B] overrides previous : org.hibernate.type.BinaryType@50b01fa2
2019-07-24 14:15:44.100  INFO 10072 --- [restartedMain] org.hibernate.type.BasicTypeRegistry     : HHH000270: Type registration [Byte[]] overrides previous : org.hibernate.type.WrapperBinaryType@65d6a245
2019-07-24 14:15:44.100  INFO 10072 --- [restartedMain] org.hibernate.type.BasicTypeRegistry     : HHH000270: Type registration [[Ljava.lang.Byte;] overrides previous : org.hibernate.type.WrapperBinaryType@65d6a245
2019-07-24 14:15:44.145  INFO 10072 --- [restartedMain] o.h.h.i.QueryTranslatorFactoryInitiator  : HHH000397: Using ASTQueryTranslatorFactory
2019-07-24 14:15:44.147  INFO 10072 --- [restartedMain] j.LocalContainerEntityManagerFactoryBean : Initialized JPA EntityManagerFactory for persistence unit 'default'
2019-07-24 14:15:44.244  INFO 10072 --- [restartedMain] o.s.s.concurrent.ThreadPoolTaskExecutor  : Initializing ExecutorService 'applicationTaskExecutor'
2019-07-24 14:15:44.251  WARN 10072 --- [restartedMain] aWebConfiguration$JpaWebMvcConfiguration : spring.jpa.open-in-view is enabled by default. Therefore, database queries may be performed during view rendering. Explicitly configure spring.jpa.open-in-view to disable this warning
2019-07-24 14:15:44.339  INFO 10072 --- [restartedMain] o.s.b.d.a.OptionalLiveReloadServer       : LiveReload server is running on port 35729
2019-07-24 14:15:44.376  INFO 10072 --- [restartedMain] o.s.b.w.embedded.tomcat.TomcatWebServer  : Tomcat started on port(s): 8044 (http) with context path ''
2019-07-24 14:15:44.377  INFO 10072 --- [restartedMain] com.cg.fmssprint5.FmsSprint5Application  : Started FmsSprint5Application in 0.826 seconds (JVM running for 815.394)
2019-07-24 14:15:44.380  INFO 10072 --- [restartedMain] .ConditionEvaluationDeltaLoggingListener : Condition evaluation unchanged
2019-07-24 14:15:55.985  INFO 10072 --- [Thread-78] o.s.s.concurrent.ThreadPoolTaskExecutor  : Shutting down ExecutorService 'applicationTaskExecutor'
2019-07-24 14:15:55.986  INFO 10072 --- [Thread-78] j.LocalContainerEntityManagerFactoryBean : Closing JPA EntityManagerFactory for persistence unit 'default'
2019-07-24 14:15:55.986  INFO 10072 --- [Thread-78] com.zaxxer.hikari.HikariDataSource       : HikariPool-11 - Shutdown initiated...
2019-07-24 14:15:56.003  INFO 10072 --- [Thread-78] com.zaxxer.hikari.HikariDataSource       : HikariPool-11 - Shutdown completed.
2019-07-24 14:15:56.215  INFO 10072 --- [restartedMain] com.cg.fmssprint5.FmsSprint5Application  : Starting FmsSprint5Application on DIN13002100 with PID 10072 (D:\Users\trainee\Desktop\fms-sprint5\target\classes started by trainee in D:\Users\trainee\Desktop\fms-sprint5)
2019-07-24 14:15:56.216  INFO 10072 --- [restartedMain] com.cg.fmssprint5.FmsSprint5Application  : No active profile set, falling back to default profiles: default
2019-07-24 14:15:56.436  INFO 10072 --- [restartedMain] .s.d.r.c.RepositoryConfigurationDelegate : Bootstrapping Spring Data repositories in DEFAULT mode.
2019-07-24 14:15:56.445  INFO 10072 --- [restartedMain] .s.d.r.c.RepositoryConfigurationDelegate : Finished Spring Data repository scanning in 8ms. Found 0 repository interfaces.
2019-07-24 14:15:56.474  INFO 10072 --- [restartedMain] trationDelegate$BeanPostProcessorChecker : Bean 'org.springframework.transaction.annotation.ProxyTransactionManagementConfiguration' of type [org.springframework.transaction.annotation.ProxyTransactionManagementConfiguration$$EnhancerBySpringCGLIB$$37a28083] is not eligible for getting processed by all BeanPostProcessors (for example: not eligible for auto-proxying)
2019-07-24 14:15:56.571  INFO 10072 --- [restartedMain] o.s.b.w.embedded.tomcat.TomcatWebServer  : Tomcat initialized with port(s): 8044 (http)
2019-07-24 14:15:56.572  INFO 10072 --- [restartedMain] o.apache.catalina.core.StandardService   : Starting service [Tomcat]
2019-07-24 14:15:56.572  INFO 10072 --- [restartedMain] org.apache.catalina.core.StandardEngine  : Starting Servlet engine: [Apache Tomcat/9.0.21]
2019-07-24 14:15:56.590  INFO 10072 --- [restartedMain] o.a.c.c.C.[Tomcat].[localhost].[/]       : Initializing Spring embedded WebApplicationContext
2019-07-24 14:15:56.590  INFO 10072 --- [restartedMain] o.s.web.context.ContextLoader            : Root WebApplicationContext: initialization completed in 373 ms
2019-07-24 14:15:56.620  INFO 10072 --- [restartedMain] com.zaxxer.hikari.HikariDataSource       : HikariPool-12 - Starting...
2019-07-24 14:15:56.645  INFO 10072 --- [restartedMain] com.zaxxer.hikari.pool.PoolBase          : HikariPool-12 - Driver does not support get/set network timeout for connections. (oracle.jdbc.driver.T4CConnection.getNetworkTimeout()I)
2019-07-24 14:15:56.646  INFO 10072 --- [restartedMain] com.zaxxer.hikari.HikariDataSource       : HikariPool-12 - Start completed.
2019-07-24 14:15:56.653  INFO 10072 --- [restartedMain] o.hibernate.jpa.internal.util.LogHelper  : HHH000204: Processing PersistenceUnitInfo [
	name: default
	...]
2019-07-24 14:15:56.666  INFO 10072 --- [restartedMain] org.hibernate.dialect.Dialect            : HHH000400: Using dialect: org.hibernate.dialect.Oracle12cDialect
2019-07-24 14:15:56.672  INFO 10072 --- [restartedMain] org.hibernate.type.BasicTypeRegistry     : HHH000270: Type registration [byte[]] overrides previous : org.hibernate.type.BinaryType@50b01fa2
2019-07-24 14:15:56.672  INFO 10072 --- [restartedMain] org.hibernate.type.BasicTypeRegistry     : HHH000270: Type registration [[B] overrides previous : org.hibernate.type.BinaryType@50b01fa2
2019-07-24 14:15:56.672  INFO 10072 --- [restartedMain] org.hibernate.type.BasicTypeRegistry     : HHH000270: Type registration [Byte[]] overrides previous : org.hibernate.type.WrapperBinaryType@65d6a245
2019-07-24 14:15:56.672  INFO 10072 --- [restartedMain] org.hibernate.type.BasicTypeRegistry     : HHH000270: Type registration [[Ljava.lang.Byte;] overrides previous : org.hibernate.type.WrapperBinaryType@65d6a245
2019-07-24 14:15:56.709  INFO 10072 --- [restartedMain] o.h.h.i.QueryTranslatorFactoryInitiator  : HHH000397: Using ASTQueryTranslatorFactory
2019-07-24 14:15:56.710  INFO 10072 --- [restartedMain] j.LocalContainerEntityManagerFactoryBean : Initialized JPA EntityManagerFactory for persistence unit 'default'
2019-07-24 14:15:56.800  INFO 10072 --- [restartedMain] o.s.s.concurrent.ThreadPoolTaskExecutor  : Initializing ExecutorService 'applicationTaskExecutor'
2019-07-24 14:15:56.807  WARN 10072 --- [restartedMain] aWebConfiguration$JpaWebMvcConfiguration : spring.jpa.open-in-view is enabled by default. Therefore, database queries may be performed during view rendering. Explicitly configure spring.jpa.open-in-view to disable this warning
2019-07-24 14:15:56.899  INFO 10072 --- [restartedMain] o.s.b.d.a.OptionalLiveReloadServer       : LiveReload server is running on port 35729
2019-07-24 14:15:56.925  INFO 10072 --- [restartedMain] o.s.b.w.embedded.tomcat.TomcatWebServer  : Tomcat started on port(s): 8044 (http) with context path ''
2019-07-24 14:15:56.925  INFO 10072 --- [restartedMain] com.cg.fmssprint5.FmsSprint5Application  : Started FmsSprint5Application in 0.733 seconds (JVM running for 827.931)
2019-07-24 14:15:56.928  INFO 10072 --- [restartedMain] .ConditionEvaluationDeltaLoggingListener : Condition evaluation unchanged
2019-07-24 14:36:01.539  INFO 10072 --- [http-nio-8044-exec-4] o.a.c.c.C.[Tomcat].[localhost].[/]       : Initializing Spring DispatcherServlet 'dispatcherServlet'
2019-07-24 14:36:01.539  INFO 10072 --- [http-nio-8044-exec-4] o.s.web.servlet.DispatcherServlet        : Initializing Servlet 'dispatcherServlet'
2019-07-24 14:36:01.542  INFO 10072 --- [http-nio-8044-exec-4] o.s.web.servlet.DispatcherServlet        : Completed initialization in 3 ms
2019-07-24 14:36:01.552  INFO 10072 --- [http-nio-8044-exec-4] com.cg.fmssprint5.FmsSprint5Application  : getMinPrice method has started
2019-07-24 14:37:32.260  WARN 10072 --- [http-nio-8044-exec-6] .w.s.m.s.DefaultHandlerExceptionResolver : Resolved [org.springframework.web.HttpRequestMethodNotSupportedException: Request method 'POST' not supported]
2019-07-24 14:38:28.523  INFO 10072 --- [http-nio-8044-exec-10] com.cg.fmssprint5.FmsSprint5Application  : getMinPrice method has started
2019-07-24 14:44:18.515  INFO 10072 --- [Thread-85] o.s.s.concurrent.ThreadPoolTaskExecutor  : Shutting down ExecutorService 'applicationTaskExecutor'
2019-07-24 14:44:18.516  INFO 10072 --- [Thread-85] j.LocalContainerEntityManagerFactoryBean : Closing JPA EntityManagerFactory for persistence unit 'default'
2019-07-24 14:44:18.519  INFO 10072 --- [Thread-85] com.zaxxer.hikari.HikariDataSource       : HikariPool-12 - Shutdown initiated...
2019-07-24 14:44:18.540  INFO 10072 --- [Thread-85] com.zaxxer.hikari.HikariDataSource       : HikariPool-12 - Shutdown completed.
2019-07-24 14:44:18.857  INFO 10072 --- [restartedMain] com.cg.fmssprint5.FmsSprint5Application  : Starting FmsSprint5Application on DIN13002100 with PID 10072 (D:\Users\trainee\Desktop\fms-sprint5\target\classes started by trainee in D:\Users\trainee\Desktop\fms-sprint5)
2019-07-24 14:44:18.857  INFO 10072 --- [restartedMain] com.cg.fmssprint5.FmsSprint5Application  : No active profile set, falling back to default profiles: default
2019-07-24 14:44:19.033  INFO 10072 --- [restartedMain] .s.d.r.c.RepositoryConfigurationDelegate : Bootstrapping Spring Data repositories in DEFAULT mode.
2019-07-24 14:44:19.038  INFO 10072 --- [restartedMain] .s.d.r.c.RepositoryConfigurationDelegate : Finished Spring Data repository scanning in 4ms. Found 0 repository interfaces.
2019-07-24 14:44:19.077  INFO 10072 --- [restartedMain] trationDelegate$BeanPostProcessorChecker : Bean 'org.springframework.transaction.annotation.ProxyTransactionManagementConfiguration' of type [org.springframework.transaction.annotation.ProxyTransactionManagementConfiguration$$EnhancerBySpringCGLIB$$37a28083] is not eligible for getting processed by all BeanPostProcessors (for example: not eligible for auto-proxying)
2019-07-24 14:44:19.197  INFO 10072 --- [restartedMain] o.s.b.w.embedded.tomcat.TomcatWebServer  : Tomcat initialized with port(s): 8044 (http)
2019-07-24 14:44:19.198  INFO 10072 --- [restartedMain] o.apache.catalina.core.StandardService   : Starting service [Tomcat]
2019-07-24 14:44:19.198  INFO 10072 --- [restartedMain] org.apache.catalina.core.StandardEngine  : Starting Servlet engine: [Apache Tomcat/9.0.21]
2019-07-24 14:44:19.218  INFO 10072 --- [restartedMain] o.a.c.c.C.[Tomcat].[localhost].[/]       : Initializing Spring embedded WebApplicationContext
2019-07-24 14:44:19.218  INFO 10072 --- [restartedMain] o.s.web.context.ContextLoader            : Root WebApplicationContext: initialization completed in 358 ms
2019-07-24 14:44:19.256  INFO 10072 --- [restartedMain] com.zaxxer.hikari.HikariDataSource       : HikariPool-13 - Starting...
2019-07-24 14:44:19.286  INFO 10072 --- [restartedMain] com.zaxxer.hikari.pool.PoolBase          : HikariPool-13 - Driver does not support get/set network timeout for connections. (oracle.jdbc.driver.T4CConnection.getNetworkTimeout()I)
2019-07-24 14:44:19.288  INFO 10072 --- [restartedMain] com.zaxxer.hikari.HikariDataSource       : HikariPool-13 - Start completed.
2019-07-24 14:44:19.296  INFO 10072 --- [restartedMain] o.hibernate.jpa.internal.util.LogHelper  : HHH000204: Processing PersistenceUnitInfo [
	name: default
	...]
2019-07-24 14:44:19.307  INFO 10072 --- [restartedMain] org.hibernate.dialect.Dialect            : HHH000400: Using dialect: org.hibernate.dialect.Oracle12cDialect
2019-07-24 14:44:19.314  INFO 10072 --- [restartedMain] org.hibernate.type.BasicTypeRegistry     : HHH000270: Type registration [byte[]] overrides previous : org.hibernate.type.BinaryType@50b01fa2
2019-07-24 14:44:19.314  INFO 10072 --- [restartedMain] org.hibernate.type.BasicTypeRegistry     : HHH000270: Type registration [[B] overrides previous : org.hibernate.type.BinaryType@50b01fa2
2019-07-24 14:44:19.314  INFO 10072 --- [restartedMain] org.hibernate.type.BasicTypeRegistry     : HHH000270: Type registration [Byte[]] overrides previous : org.hibernate.type.WrapperBinaryType@65d6a245
2019-07-24 14:44:19.314  INFO 10072 --- [restartedMain] org.hibernate.type.BasicTypeRegistry     : HHH000270: Type registration [[Ljava.lang.Byte;] overrides previous : org.hibernate.type.WrapperBinaryType@65d6a245
2019-07-24 14:44:19.351  INFO 10072 --- [restartedMain] o.h.h.i.QueryTranslatorFactoryInitiator  : HHH000397: Using ASTQueryTranslatorFactory
2019-07-24 14:44:19.352  INFO 10072 --- [restartedMain] j.LocalContainerEntityManagerFactoryBean : Initialized JPA EntityManagerFactory for persistence unit 'default'
2019-07-24 14:44:19.467  INFO 10072 --- [restartedMain] o.s.s.concurrent.ThreadPoolTaskExecutor  : Initializing ExecutorService 'applicationTaskExecutor'
2019-07-24 14:44:19.475  WARN 10072 --- [restartedMain] aWebConfiguration$JpaWebMvcConfiguration : spring.jpa.open-in-view is enabled by default. Therefore, database queries may be performed during view rendering. Explicitly configure spring.jpa.open-in-view to disable this warning
2019-07-24 14:44:19.589  INFO 10072 --- [restartedMain] o.s.b.d.a.OptionalLiveReloadServer       : LiveReload server is running on port 35729
2019-07-24 14:44:19.620  INFO 10072 --- [restartedMain] o.s.b.w.embedded.tomcat.TomcatWebServer  : Tomcat started on port(s): 8044 (http) with context path ''
2019-07-24 14:44:19.621  INFO 10072 --- [restartedMain] com.cg.fmssprint5.FmsSprint5Application  : Started FmsSprint5Application in 0.787 seconds (JVM running for 2530.155)
2019-07-24 14:44:19.624  INFO 10072 --- [restartedMain] .ConditionEvaluationDeltaLoggingListener : Condition evaluation unchanged
2019-07-24 16:29:50.108  INFO 10072 --- [Thread-94] o.s.s.concurrent.ThreadPoolTaskExecutor  : Shutting down ExecutorService 'applicationTaskExecutor'
2019-07-24 16:29:50.260  INFO 10072 --- [Thread-94] j.LocalContainerEntityManagerFactoryBean : Closing JPA EntityManagerFactory for persistence unit 'default'
2019-07-24 16:29:50.358  INFO 10072 --- [Thread-94] com.zaxxer.hikari.HikariDataSource       : HikariPool-13 - Shutdown initiated...
2019-07-24 16:29:50.705  INFO 10072 --- [Thread-94] com.zaxxer.hikari.HikariDataSource       : HikariPool-13 - Shutdown completed.
2019-07-24 16:29:54.856  INFO 10072 --- [restartedMain] com.cg.fmssprint5.FmsSprint5Application  : Starting FmsSprint5Application on DIN13002100 with PID 10072 (D:\Users\trainee\Desktop\fms-sprint5\target\classes started by trainee in D:\Users\trainee\Desktop\fms-sprint5)
2019-07-24 16:29:54.856  INFO 10072 --- [restartedMain] com.cg.fmssprint5.FmsSprint5Application  : No active profile set, falling back to default profiles: default
2019-07-24 16:29:58.342  INFO 10072 --- [restartedMain] .s.d.r.c.RepositoryConfigurationDelegate : Bootstrapping Spring Data repositories in DEFAULT mode.
2019-07-24 16:29:58.348  INFO 10072 --- [restartedMain] .s.d.r.c.RepositoryConfigurationDelegate : Finished Spring Data repository scanning in 6ms. Found 0 repository interfaces.
2019-07-24 16:29:58.509  INFO 10072 --- [restartedMain] trationDelegate$BeanPostProcessorChecker : Bean 'org.springframework.transaction.annotation.ProxyTransactionManagementConfiguration' of type [org.springframework.transaction.annotation.ProxyTransactionManagementConfiguration$$EnhancerBySpringCGLIB$$37a28083] is not eligible for getting processed by all BeanPostProcessors (for example: not eligible for auto-proxying)
2019-07-24 16:30:01.540  INFO 10072 --- [restartedMain] o.s.b.w.embedded.tomcat.TomcatWebServer  : Tomcat initialized with port(s): 8044 (http)
2019-07-24 16:30:01.543  INFO 10072 --- [restartedMain] o.apache.catalina.core.StandardService   : Starting service [Tomcat]
2019-07-24 16:30:01.544  INFO 10072 --- [restartedMain] org.apache.catalina.core.StandardEngine  : Starting Servlet engine: [Apache Tomcat/9.0.21]
2019-07-24 16:30:01.613  INFO 10072 --- [restartedMain] o.a.c.c.C.[Tomcat].[localhost].[/]       : Initializing Spring embedded WebApplicationContext
2019-07-24 16:30:01.613  INFO 10072 --- [restartedMain] o.s.web.context.ContextLoader            : Root WebApplicationContext: initialization completed in 6753 ms
2019-07-24 16:30:01.663  INFO 10072 --- [restartedMain] com.zaxxer.hikari.HikariDataSource       : HikariPool-14 - Starting...
2019-07-24 16:30:01.934  INFO 10072 --- [restartedMain] com.zaxxer.hikari.pool.PoolBase          : HikariPool-14 - Driver does not support get/set network timeout for connections. (oracle.jdbc.driver.T4CConnection.getNetworkTimeout()I)
2019-07-24 16:30:02.001  INFO 10072 --- [restartedMain] com.zaxxer.hikari.HikariDataSource       : HikariPool-14 - Start completed.
2019-07-24 16:30:02.625  INFO 10072 --- [restartedMain] o.hibernate.jpa.internal.util.LogHelper  : HHH000204: Processing PersistenceUnitInfo [
	name: default
	...]
2019-07-24 16:30:03.223  INFO 10072 --- [restartedMain] org.hibernate.dialect.Dialect            : HHH000400: Using dialect: org.hibernate.dialect.Oracle12cDialect
2019-07-24 16:30:03.283  INFO 10072 --- [restartedMain] org.hibernate.type.BasicTypeRegistry     : HHH000270: Type registration [byte[]] overrides previous : org.hibernate.type.BinaryType@50b01fa2
2019-07-24 16:30:03.283  INFO 10072 --- [restartedMain] org.hibernate.type.BasicTypeRegistry     : HHH000270: Type registration [[B] overrides previous : org.hibernate.type.BinaryType@50b01fa2
2019-07-24 16:30:03.283  INFO 10072 --- [restartedMain] org.hibernate.type.BasicTypeRegistry     : HHH000270: Type registration [Byte[]] overrides previous : org.hibernate.type.WrapperBinaryType@65d6a245
2019-07-24 16:30:03.283  INFO 10072 --- [restartedMain] org.hibernate.type.BasicTypeRegistry     : HHH000270: Type registration [[Ljava.lang.Byte;] overrides previous : org.hibernate.type.WrapperBinaryType@65d6a245
2019-07-24 16:30:03.384  INFO 10072 --- [restartedMain] o.h.h.i.QueryTranslatorFactoryInitiator  : HHH000397: Using ASTQueryTranslatorFactory
2019-07-24 16:30:03.385  INFO 10072 --- [restartedMain] j.LocalContainerEntityManagerFactoryBean : Initialized JPA EntityManagerFactory for persistence unit 'default'
2019-07-24 16:30:03.461  INFO 10072 --- [restartedMain] o.s.s.concurrent.ThreadPoolTaskExecutor  : Initializing ExecutorService 'applicationTaskExecutor'
2019-07-24 16:30:03.467  WARN 10072 --- [restartedMain] aWebConfiguration$JpaWebMvcConfiguration : spring.jpa.open-in-view is enabled by default. Therefore, database queries may be performed during view rendering. Explicitly configure spring.jpa.open-in-view to disable this warning
2019-07-24 16:30:03.553  INFO 10072 --- [restartedMain] o.s.b.d.a.OptionalLiveReloadServer       : LiveReload server is running on port 35729
2019-07-24 16:30:03.574  INFO 10072 --- [restartedMain] o.s.b.w.embedded.tomcat.TomcatWebServer  : Tomcat started on port(s): 8044 (http) with context path ''
2019-07-24 16:30:03.575  INFO 10072 --- [restartedMain] com.cg.fmssprint5.FmsSprint5Application  : Started FmsSprint5Application in 8.979 seconds (JVM running for 8873.401)
2019-07-24 16:30:03.578  INFO 10072 --- [restartedMain] .ConditionEvaluationDeltaLoggingListener : Condition evaluation unchanged
2019-07-24 16:30:39.367  INFO 10072 --- [RMI TCP Connection(2)-127.0.0.1] inMXBeanRegistrar$SpringApplicationAdmin : Application shutdown requested.
2019-07-24 16:30:39.371  INFO 10072 --- [RMI TCP Connection(2)-127.0.0.1] o.s.s.concurrent.ThreadPoolTaskExecutor  : Shutting down ExecutorService 'applicationTaskExecutor'
2019-07-24 16:30:39.371  INFO 10072 --- [RMI TCP Connection(2)-127.0.0.1] j.LocalContainerEntityManagerFactoryBean : Closing JPA EntityManagerFactory for persistence unit 'default'
2019-07-24 16:30:39.371  INFO 10072 --- [RMI TCP Connection(2)-127.0.0.1] com.zaxxer.hikari.HikariDataSource       : HikariPool-14 - Shutdown initiated...
2019-07-24 16:30:39.665  INFO 10072 --- [RMI TCP Connection(2)-127.0.0.1] com.zaxxer.hikari.HikariDataSource       : HikariPool-14 - Shutdown completed.
